时间:2019-04-19 15:52:19.175
2019/4/19 15:52:19更改正常条码落袋数据异常：给定关键字不在字典中。

时间:2019-04-19 15:52:21.477
2019/4/19 15:52:21更改正常条码落袋数据异常：给定关键字不在字典中。

时间:2019-04-19 15:52:23.526
2019/4/19 15:52:23更改正常条码落袋数据异常：给定关键字不在字典中。

时间:2019-04-19 15:52:25.822
2019/4/19 15:52:25更改正常条码落袋数据异常：给定关键字不在字典中。

时间:2019-04-19 15:52:25.829
2019/4/19 15:52:25更改正常条码落袋数据异常：给定关键字不在字典中。

时间:2019-04-19 15:52:28.448
2019/4/19 15:52:28 发送落袋信息成功。 条码：446628026876  实际格口：10827

时间:2019-04-19 15:52:30.568
2019/4/19 15:52:30更改正常条码落袋数据异常：给定关键字不在字典中。

时间:2019-04-19 15:52:30.577
2019/4/19 15:52:30更改正常条码落袋数据异常：给定关键字不在字典中。

时间:2019-04-19 15:52:30.585
2019/4/19 15:52:30更改正常条码落袋数据异常：给定关键字不在字典中。

时间:2019-04-19 15:52:30.592
2019/4/19 15:52:30更改正常条码落袋数据异常：给定关键字不在字典中。

时间:2019-04-19 15:52:32.505
2019/4/19 15:52:32 发送落袋信息成功。 条码：446628026724  实际格口：10828

时间:2019-04-19 15:52:34.423
2019/4/19 15:52:34更改正常条码落袋数据异常：给定关键字不在字典中。

时间:2019-04-19 15:52:34.431
2019/4/19 15:52:34更改正常条码落袋数据异常：给定关键字不在字典中。

时间:2019-04-19 15:52:34.439
2019/4/19 15:52:34更改正常条码落袋数据异常：给定关键字不在字典中。

时间:2019-04-19 15:52:34.447
2019/4/19 15:52:34更改正常条码落袋数据异常：给定关键字不在字典中。

时间:2019-04-19 15:52:34.454
2019/4/19 15:52:34更改正常条码落袋数据异常：给定关键字不在字典中。

时间:2019-04-19 15:52:37.077
2019/4/19 15:52:37 发送落袋信息成功。 条码：247960000810  实际格口：10829

时间:2019-04-19 15:52:39.101
2019/4/19 15:52:39 发送落袋信息成功。 条码：237436042230  实际格口：10830

时间:2019-04-19 15:52:41.130
2019/4/19 15:52:41 发送落袋信息成功。 条码：438106813310  实际格口：10831

时间:2019-04-19 15:52:43.160
2019/4/19 15:52:43 发送落袋信息成功。 条码：237436042337  实际格口：10832

时间:2019-04-19 15:52:45.185
2019/4/19 15:52:45 发送落袋信息成功。 条码：446628026973  实际格口：10833

时间:2019-04-19 15:52:47.208
2019/4/19 15:52:47 发送落袋信息成功。 条码：446628026885  实际格口：10834

时间:2019-04-19 15:52:49.272
2019/4/19 15:52:49更改正常条码落袋数据异常：给定关键字不在字典中。

时间:2019-04-19 15:52:51.374
2019/4/19 15:52:51更改正常条码落袋数据异常：给定关键字不在字典中。

时间:2019-04-19 15:52:53.424
2019/4/19 15:52:53更改正常条码落袋数据异常：给定关键字不在字典中。

时间:2019-04-19 15:52:55.626
2019/4/19 15:52:55更改正常条码落袋数据异常：给定关键字不在字典中。

时间:2019-04-19 15:52:57.693
2019/4/19 15:52:57更改正常条码落袋数据异常：给定关键字不在字典中。

时间:2019-04-19 15:52:59.860
2019/4/19 15:52:59更改正常条码落袋数据异常：给定关键字不在字典中。

时间:2019-04-19 15:52:59.961
2019/4/19 15:52:59 发送落袋信息成功。 条码：noread  实际格口：10835

时间:2019-04-19 15:52:59.972
2019/4/19 15:52:59 发送落袋信息成功。 条码：446628023837  实际格口：10836

时间:2019-04-19 15:53:32.835
2019/4/19 15:53:32更改正常条码落袋数据异常：给定关键字不在字典中。

时间:2019-04-19 15:53:32.843
2019/4/19 15:53:32更改正常条码落袋数据异常：给定关键字不在字典中。

时间:2019-04-19 15:53:35.051
2019/4/19 15:53:35更改正常条码落袋数据异常：给定关键字不在字典中。

时间:2019-04-19 15:53:35.060
2019/4/19 15:53:35更改正常条码落袋数据异常：给定关键字不在字典中。

时间:2019-04-19 15:53:35.068
2019/4/19 15:53:35更改正常条码落袋数据异常：给定关键字不在字典中。

时间:2019-04-19 15:53:36.990
2019/4/19 15:53:36更改正常条码落袋数据异常：给定关键字不在字典中。

时间:2019-04-19 15:53:36.997
2019/4/19 15:53:36更改正常条码落袋数据异常：给定关键字不在字典中。

时间:2019-04-19 15:53:37.003
2019/4/19 15:53:37更改正常条码落袋数据异常：给定关键字不在字典中。

时间:2019-04-19 15:53:39.957
2019/4/19 15:53:39 发送落袋信息成功。 条码：071231306966  实际格口：10837

时间:2019-04-19 15:53:41.999
2019/4/19 15:53:41 发送落袋信息成功。 条码：441623340927  实际格口：10838

时间:2019-04-19 15:53:44.498
2019/4/19 15:53:44 发送落袋信息成功。 条码：446628026733  实际格口：10839

时间:2019-04-19 15:53:46.540
2019/4/19 15:53:46 发送落袋信息成功。 条码：446628026751  实际格口：10840

时间:2019-04-19 15:53:48.652
2019/4/19 15:53:48更改正常条码落袋数据异常：给定关键字不在字典中。

时间:2019-04-19 15:53:50.976
2019/4/19 15:53:50更改正常条码落袋数据异常：给定关键字不在字典中。

时间:2019-04-19 15:53:53.165
2019/4/19 15:53:53更改正常条码落袋数据异常：给定关键字不在字典中。

时间:2019-04-19 15:53:55.460
2019/4/19 15:53:55更改正常条码落袋数据异常：给定关键字不在字典中。

时间:2019-04-19 15:53:57.384
2019/4/19 15:53:57更改正常条码落袋数据异常：给定关键字不在字典中。

时间:2019-04-19 15:53:59.465
2019/4/19 15:53:59更改正常条码落袋数据异常：给定关键字不在字典中。

时间:2019-04-19 15:54:01.867
2019/4/19 15:54:01更改正常条码落袋数据异常：给定关键字不在字典中。

时间:2019-04-19 15:54:02.266
2019/4/19 15:54:02 发送落袋信息成功。 条码：237436041624  实际格口：10841

时间:2019-04-19 15:54:02.278
2019/4/19 15:54:02 发送落袋信息成功。 条码：446628023712  实际格口：10842

时间:2019-04-19 15:54:02.289
2019/4/19 15:54:02 发送落袋信息成功。 条码：253450127311  实际格口：10843

时间:2019-04-19 15:54:02.301
2019/4/19 15:54:02 发送落袋信息成功。 条码：439369876437  实际格口：10844

时间:2019-04-19 15:54:02.312
2019/4/19 15:54:02 发送落袋信息成功。 条码：446628046226  实际格口：10845

时间:2019-04-19 15:54:02.323
2019/4/19 15:54:02 发送落袋信息成功。 条码：446628027095  实际格口：10847

时间:2019-04-19 15:54:02.335
2019/4/19 15:54:02 发送落袋信息成功。 条码：446628026664  实际格口：10848

时间:2019-04-19 15:54:02.349
2019/4/19 15:54:02 发送落袋信息成功。 条码：446628046235  实际格口：10849

时间:2019-04-19 15:54:48.178
2019/4/19 15:54:48更改正常条码落袋数据异常：给定关键字不在字典中。

时间:2019-04-19 15:54:50.467
2019/4/19 15:54:50更改正常条码落袋数据异常：给定关键字不在字典中。

时间:2019-04-19 15:54:53.015
2019/4/19 15:54:53更改正常条码落袋数据异常：给定关键字不在字典中。

时间:2019-04-19 15:54:53.023
2019/4/19 15:54:53更改正常条码落袋数据异常：给定关键字不在字典中。

时间:2019-04-19 15:54:53.029
2019/4/19 15:54:53更改正常条码落袋数据异常：给定关键字不在字典中。

时间:2019-04-19 15:54:55.516
2019/4/19 15:54:55 发送落袋信息成功。 条码：446628023661  实际格口：10850

时间:2019-04-19 15:54:58.053
2019/4/19 15:54:58 发送落袋信息成功。 条码：078902492594  实际格口：10851

时间:2019-04-19 15:55:00.061
2019/4/19 15:55:00 发送落袋信息成功。 条码：446628023882  实际格口：10852

时间:2019-04-19 15:55:02.287
2019/4/19 15:55:02更改正常条码落袋数据异常：给定关键字不在字典中。

时间:2019-04-19 15:55:02.294
2019/4/19 15:55:02更改正常条码落袋数据异常：给定关键字不在字典中。

时间:2019-04-19 15:55:02.300
2019/4/19 15:55:02更改正常条码落袋数据异常：给定关键字不在字典中。

时间:2019-04-19 15:55:02.307
2019/4/19 15:55:02更改正常条码落袋数据异常：给定关键字不在字典中。

时间:2019-04-19 15:55:02.314
2019/4/19 15:55:02更改正常条码落袋数据异常：给定关键字不在字典中。

时间:2019-04-19 15:55:04.591
2019/4/19 15:55:04更改正常条码落袋数据异常：给定关键字不在字典中。

时间:2019-04-19 15:55:06.607
2019/4/19 15:55:06更改正常条码落袋数据异常：给定关键字不在字典中。

时间:2019-04-19 15:55:06.614
2019/4/19 15:55:06更改正常条码落袋数据异常：给定关键字不在字典中。

时间:2019-04-19 15:55:09.038
2019/4/19 15:55:09更改正常条码落袋数据异常：给定关键字不在字典中。

时间:2019-04-19 15:55:09.045
2019/4/19 15:55:09更改正常条码落袋数据异常：给定关键字不在字典中。

时间:2019-04-19 15:55:11.270
2019/4/19 15:55:11更改正常条码落袋数据异常：给定关键字不在字典中。

时间:2019-04-19 15:55:11.276
2019/4/19 15:55:11更改正常条码落袋数据异常：给定关键字不在字典中。

时间:2019-04-19 15:55:11.282
2019/4/19 15:55:11更改正常条码落袋数据异常：给定关键字不在字典中。

时间:2019-04-19 15:55:11.289
2019/4/19 15:55:11更改正常条码落袋数据异常：给定关键字不在字典中。

时间:2019-04-19 15:55:11.295
2019/4/19 15:55:11更改正常条码落袋数据异常：给定关键字不在字典中。

时间:2019-04-19 15:55:13.516
2019/4/19 15:55:13更改正常条码落袋数据异常：给定关键字不在字典中。

时间:2019-04-19 15:55:13.523
2019/4/19 15:55:13更改正常条码落袋数据异常：给定关键字不在字典中。

时间:2019-04-19 15:55:13.530
2019/4/19 15:55:13更改正常条码落袋数据异常：给定关键字不在字典中。

时间:2019-04-19 15:55:15.591
2019/4/19 15:55:15更改正常条码落袋数据异常：给定关键字不在字典中。

时间:2019-04-19 15:55:15.633
2019/4/19 15:55:15更改正常条码落袋数据异常：给定关键字不在字典中。

时间:2019-04-19 15:55:15.640
2019/4/19 15:55:15更改正常条码落袋数据异常：给定关键字不在字典中。

时间:2019-04-19 15:55:15.807
2019/4/19 15:55:15 发送落袋信息成功。 条码：247960000795  实际格口：10853

时间:2019-04-19 15:55:15.818
2019/4/19 15:55:15 发送落袋信息成功。 条码：446628027086  实际格口：10854

时间:2019-04-19 15:55:17.648
2019/4/19 15:55:17更改正常条码落袋数据异常：给定关键字不在字典中。

时间:2019-04-19 15:55:17.658
2019/4/19 15:55:17更改正常条码落袋数据异常：给定关键字不在字典中。

时间:2019-04-19 15:55:19.576
2019/4/19 15:55:19更改正常条码落袋数据异常：给定关键字不在字典中。

时间:2019-04-19 15:55:19.630
2019/4/19 15:55:19更改正常条码落袋数据异常：给定关键字不在字典中。

时间:2019-04-19 15:55:19.874
2019/4/19 15:55:19 发送落袋信息成功。 条码：446628023800  实际格口：10855

时间:2019-04-19 15:55:19.886
2019/4/19 15:55:19 发送落袋信息成功。 条码：237436042300  实际格口：10856

时间:2019-04-19 15:55:19.897
2019/4/19 15:55:19 发送落袋信息成功。 条码：247960000801  实际格口：10857

时间:2019-04-19 15:55:21.609
2019/4/19 15:55:21更改正常条码落袋数据异常：给定关键字不在字典中。

时间:2019-04-19 15:55:23.687
2019/4/19 15:55:23更改正常条码落袋数据异常：给定关键字不在字典中。

时间:2019-04-19 15:55:25.732
2019/4/19 15:55:25更改正常条码落袋数据异常：给定关键字不在字典中。

时间:2019-04-19 15:55:25.948
2019/4/19 15:55:25 发送落袋信息成功。 条码：296663944946  实际格口：10858

时间:2019-04-19 15:55:25.959
2019/4/19 15:55:25 发送落袋信息成功。 条码：446628027004  实际格口：10859

时间:2019-04-19 15:55:25.971
2019/4/19 15:55:25 发送落袋信息成功。 条码：446628026849  实际格口：10860

时间:2019-04-19 15:55:36.211
2019/4/19 15:55:36更改正常条码落袋数据异常：给定关键字不在字典中。

时间:2019-04-19 15:55:38.166
2019/4/19 15:55:38更改正常条码落袋数据异常：给定关键字不在字典中。

时间:2019-04-19 15:55:40.255
2019/4/19 15:55:40更改正常条码落袋数据异常：给定关键字不在字典中。

时间:2019-04-19 15:55:42.431
2019/4/19 15:55:42更改正常条码落袋数据异常：给定关键字不在字典中。

时间:2019-04-19 15:55:44.635
2019/4/19 15:55:44更改正常条码落袋数据异常：给定关键字不在字典中。

时间:2019-04-19 15:55:46.740
2019/4/19 15:55:46更改正常条码落袋数据异常：给定关键字不在字典中。

时间:2019-04-19 15:55:48.913
2019/4/19 15:55:48更改正常条码落袋数据异常：给定关键字不在字典中。

时间:2019-04-19 15:55:51.203
2019/4/19 15:55:51更改正常条码落袋数据异常：给定关键字不在字典中。

时间:2019-04-19 15:55:53.398
2019/4/19 15:55:53更改正常条码落袋数据异常：给定关键字不在字典中。

时间:2019-04-19 15:55:55.587
2019/4/19 15:55:55更改正常条码落袋数据异常：给定关键字不在字典中。

时间:2019-04-19 15:55:57.946
2019/4/19 15:55:57更改正常条码落袋数据异常：给定关键字不在字典中。

时间:2019-04-19 15:55:58.003
2019/4/19 15:55:58更改正常条码落袋数据异常：给定关键字不在字典中。

时间:2019-04-19 15:55:58.395
2019/4/19 15:55:58 发送落袋信息成功。 条码：noread  实际格口：10862

时间:2019-04-19 15:56:00.193
2019/4/19 15:56:00更改正常条码落袋数据异常：给定关键字不在字典中。

时间:2019-04-19 15:56:02.413
2019/4/19 15:56:02更改正常条码落袋数据异常：给定关键字不在字典中。

时间:2019-04-19 15:56:02.422
2019/4/19 15:56:02更改正常条码落袋数据异常：给定关键字不在字典中。

时间:2019-04-19 15:56:04.545
2019/4/19 15:56:04更改正常条码落袋数据异常：给定关键字不在字典中。

时间:2019-04-19 15:56:04.554
2019/4/19 15:56:04更改正常条码落袋数据异常：给定关键字不在字典中。

时间:2019-04-19 15:56:06.753
2019/4/19 15:56:06更改正常条码落袋数据异常：给定关键字不在字典中。

时间:2019-04-19 15:56:06.763
2019/4/19 15:56:06更改正常条码落袋数据异常：给定关键字不在字典中。

时间:2019-04-19 15:56:08.705
2019/4/19 15:56:08更改正常条码落袋数据异常：给定关键字不在字典中。

时间:2019-04-19 15:56:08.712
2019/4/19 15:56:08更改正常条码落袋数据异常：给定关键字不在字典中。

时间:2019-04-19 15:56:08.722
2019/4/19 15:56:08更改正常条码落袋数据异常：给定关键字不在字典中。

时间:2019-04-19 15:56:10.884
2019/4/19 15:56:10更改正常条码落袋数据异常：给定关键字不在字典中。

时间:2019-04-19 15:56:10.892
2019/4/19 15:56:10更改正常条码落袋数据异常：给定关键字不在字典中。

时间:2019-04-19 15:56:10.900
2019/4/19 15:56:10更改正常条码落袋数据异常：给定关键字不在字典中。

时间:2019-04-19 15:56:13.266
2019/4/19 15:56:13更改正常条码落袋数据异常：给定关键字不在字典中。

时间:2019-04-19 15:56:13.274
2019/4/19 15:56:13更改正常条码落袋数据异常：给定关键字不在字典中。

时间:2019-04-19 15:56:13.282
2019/4/19 15:56:13更改正常条码落袋数据异常：给定关键字不在字典中。

时间:2019-04-19 15:56:13.290
2019/4/19 15:56:13更改正常条码落袋数据异常：给定关键字不在字典中。

时间:2019-04-19 15:56:15.587
2019/4/19 15:56:15更改正常条码落袋数据异常：给定关键字不在字典中。

时间:2019-04-19 15:56:15.597
2019/4/19 15:56:15更改正常条码落袋数据异常：给定关键字不在字典中。

时间:2019-04-19 15:56:15.605
2019/4/19 15:56:15更改正常条码落袋数据异常：给定关键字不在字典中。

时间:2019-04-19 15:56:15.615
2019/4/19 15:56:15更改正常条码落袋数据异常：给定关键字不在字典中。

时间:2019-04-19 15:56:17.598
2019/4/19 15:56:17更改正常条码落袋数据异常：给定关键字不在字典中。

时间:2019-04-19 15:56:17.608
2019/4/19 15:56:17更改正常条码落袋数据异常：给定关键字不在字典中。

时间:2019-04-19 15:56:17.614
2019/4/19 15:56:17更改正常条码落袋数据异常：给定关键字不在字典中。

时间:2019-04-19 15:56:17.621
2019/4/19 15:56:17更改正常条码落袋数据异常：给定关键字不在字典中。

时间:2019-04-19 15:56:19.983
2019/4/19 15:56:19更改正常条码落袋数据异常：给定关键字不在字典中。

时间:2019-04-19 15:56:20.097
2019/4/19 15:56:20更改正常条码落袋数据异常：给定关键字不在字典中。

时间:2019-04-19 15:56:20.104
2019/4/19 15:56:20更改正常条码落袋数据异常：给定关键字不在字典中。

时间:2019-04-19 15:56:20.110
2019/4/19 15:56:20更改正常条码落袋数据异常：给定关键字不在字典中。

时间:2019-04-19 15:56:20.211
2019/4/19 15:56:20 发送落袋信息成功。 条码：446628026706  实际格口：10863

时间:2019-04-19 15:56:22.052
2019/4/19 15:56:22更改正常条码落袋数据异常：给定关键字不在字典中。

时间:2019-04-19 15:56:22.094
2019/4/19 15:56:22更改正常条码落袋数据异常：给定关键字不在字典中。

时间:2019-04-19 15:56:22.102
2019/4/19 15:56:22更改正常条码落袋数据异常：给定关键字不在字典中。

时间:2019-04-19 15:56:22.214
2019/4/19 15:56:22 发送落袋信息成功。 条码：446628026706  实际格口：10864

时间:2019-04-19 15:56:24.461
2019/4/19 15:56:24更改正常条码落袋数据异常：给定关键字不在字典中。

时间:2019-04-19 15:56:24.469
2019/4/19 15:56:24更改正常条码落袋数据异常：给定关键字不在字典中。

时间:2019-04-19 15:56:26.779
2019/4/19 15:56:26更改正常条码落袋数据异常：给定关键字不在字典中。

时间:2019-04-19 15:56:26.786
2019/4/19 15:56:26更改正常条码落袋数据异常：给定关键字不在字典中。

时间:2019-04-19 15:56:28.957
2019/4/19 15:56:28更改正常条码落袋数据异常：给定关键字不在字典中。

时间:2019-04-19 15:56:28.963
2019/4/19 15:56:28更改正常条码落袋数据异常：给定关键字不在字典中。

时间:2019-04-19 15:56:31.265
2019/4/19 15:56:31更改正常条码落袋数据异常：给定关键字不在字典中。

时间:2019-04-19 15:56:31.309
2019/4/19 15:56:31更改正常条码落袋数据异常：给定关键字不在字典中。

时间:2019-04-19 15:56:31.318
2019/4/19 15:56:31更改正常条码落袋数据异常：给定关键字不在字典中。

时间:2019-04-19 15:56:31.357
2019/4/19 15:56:31 发送落袋信息成功。 条码：noread  实际格口：10865

时间:2019-04-19 15:56:33.607
2019/4/19 15:56:33更改正常条码落袋数据异常：给定关键字不在字典中。

时间:2019-04-19 15:56:33.650
2019/4/19 15:56:33更改正常条码落袋数据异常：给定关键字不在字典中。

时间:2019-04-19 15:56:33.658
2019/4/19 15:56:33更改正常条码落袋数据异常：给定关键字不在字典中。

时间:2019-04-19 15:56:33.900
2019/4/19 15:56:33 发送落袋信息成功。 条码：446628026706  实际格口：10866

时间:2019-04-19 15:56:36.159
2019/4/19 15:56:36更改正常条码落袋数据异常：给定关键字不在字典中。

时间:2019-04-19 15:56:36.166
2019/4/19 15:56:36更改正常条码落袋数据异常：给定关键字不在字典中。

时间:2019-04-19 15:56:36.172
2019/4/19 15:56:36更改正常条码落袋数据异常：给定关键字不在字典中。

时间:2019-04-19 15:56:38.258
2019/4/19 15:56:38更改正常条码落袋数据异常：给定关键字不在字典中。

时间:2019-04-19 15:56:38.267
2019/4/19 15:56:38更改正常条码落袋数据异常：给定关键字不在字典中。

时间:2019-04-19 15:56:38.274
2019/4/19 15:56:38更改正常条码落袋数据异常：给定关键字不在字典中。

时间:2019-04-19 15:56:40.616
2019/4/19 15:56:40更改正常条码落袋数据异常：给定关键字不在字典中。

时间:2019-04-19 15:56:40.624
2019/4/19 15:56:40更改正常条码落袋数据异常：给定关键字不在字典中。

时间:2019-04-19 15:56:40.634
2019/4/19 15:56:40更改正常条码落袋数据异常：给定关键字不在字典中。

时间:2019-04-19 15:56:40.641
2019/4/19 15:56:40更改正常条码落袋数据异常：给定关键字不在字典中。

时间:2019-04-19 15:56:42.620
2019/4/19 15:56:42更改正常条码落袋数据异常：给定关键字不在字典中。

时间:2019-04-19 15:56:42.626
2019/4/19 15:56:42更改正常条码落袋数据异常：给定关键字不在字典中。

时间:2019-04-19 15:56:42.632
2019/4/19 15:56:42更改正常条码落袋数据异常：给定关键字不在字典中。

时间:2019-04-19 15:56:42.639
2019/4/19 15:56:42更改正常条码落袋数据异常：给定关键字不在字典中。

时间:2019-04-19 15:56:44.674
2019/4/19 15:56:44更改正常条码落袋数据异常：给定关键字不在字典中。

时间:2019-04-19 15:56:44.681
2019/4/19 15:56:44更改正常条码落袋数据异常：给定关键字不在字典中。

时间:2019-04-19 15:56:44.688
2019/4/19 15:56:44更改正常条码落袋数据异常：给定关键字不在字典中。

时间:2019-04-19 15:56:44.695
2019/4/19 15:56:44更改正常条码落袋数据异常：给定关键字不在字典中。

时间:2019-04-19 15:56:46.936
2019/4/19 15:56:46更改正常条码落袋数据异常：给定关键字不在字典中。

时间:2019-04-19 15:56:46.943
2019/4/19 15:56:46更改正常条码落袋数据异常：给定关键字不在字典中。

时间:2019-04-19 15:56:46.955
2019/4/19 15:56:46更改正常条码落袋数据异常：给定关键字不在字典中。

时间:2019-04-19 15:56:46.961
2019/4/19 15:56:46更改正常条码落袋数据异常：给定关键字不在字典中。

时间:2019-04-19 15:56:46.969
2019/4/19 15:56:46更改正常条码落袋数据异常：给定关键字不在字典中。

时间:2019-04-19 15:56:49.094
2019/4/19 15:56:49更改正常条码落袋数据异常：给定关键字不在字典中。

时间:2019-04-19 15:56:49.102
2019/4/19 15:56:49更改正常条码落袋数据异常：给定关键字不在字典中。

时间:2019-04-19 15:56:49.109
2019/4/19 15:56:49更改正常条码落袋数据异常：给定关键字不在字典中。

时间:2019-04-19 15:56:49.116
2019/4/19 15:56:49更改正常条码落袋数据异常：给定关键字不在字典中。

时间:2019-04-19 15:56:49.124
2019/4/19 15:56:49更改正常条码落袋数据异常：给定关键字不在字典中。

时间:2019-04-19 15:56:51.294
2019/4/19 15:56:51更改正常条码落袋数据异常：给定关键字不在字典中。

时间:2019-04-19 15:56:51.338
2019/4/19 15:56:51更改正常条码落袋数据异常：给定关键字不在字典中。

时间:2019-04-19 15:56:51.345
2019/4/19 15:56:51更改正常条码落袋数据异常：给定关键字不在字典中。

时间:2019-04-19 15:56:51.352
2019/4/19 15:56:51更改正常条码落袋数据异常：给定关键字不在字典中。

时间:2019-04-19 15:56:51.361
2019/4/19 15:56:51更改正常条码落袋数据异常：给定关键字不在字典中。

时间:2019-04-19 15:56:51.654
2019/4/19 15:56:51 发送落袋信息成功。 条码：noread  实际格口：10867

时间:2019-04-19 15:56:53.376
2019/4/19 15:56:53更改正常条码落袋数据异常：给定关键字不在字典中。

时间:2019-04-19 15:56:53.420
2019/4/19 15:56:53更改正常条码落袋数据异常：给定关键字不在字典中。

时间:2019-04-19 15:56:53.427
2019/4/19 15:56:53更改正常条码落袋数据异常：给定关键字不在字典中。

时间:2019-04-19 15:56:53.434
2019/4/19 15:56:53更改正常条码落袋数据异常：给定关键字不在字典中。

时间:2019-04-19 15:56:53.682
2019/4/19 15:56:53 发送落袋信息成功。 条码：446628026706  实际格口：10868

时间:2019-04-19 15:56:55.603
2019/4/19 15:56:55更改正常条码落袋数据异常：给定关键字不在字典中。

时间:2019-04-19 15:56:55.610
2019/4/19 15:56:55更改正常条码落袋数据异常：给定关键字不在字典中。

时间:2019-04-19 15:56:55.617
2019/4/19 15:56:55更改正常条码落袋数据异常：给定关键字不在字典中。

时间:2019-04-19 15:56:57.913
2019/4/19 15:56:57更改正常条码落袋数据异常：给定关键字不在字典中。

时间:2019-04-19 15:56:57.955
2019/4/19 15:56:57更改正常条码落袋数据异常：给定关键字不在字典中。

时间:2019-04-19 15:56:57.964
2019/4/19 15:56:57更改正常条码落袋数据异常：给定关键字不在字典中。

时间:2019-04-19 15:56:57.972
2019/4/19 15:56:57更改正常条码落袋数据异常：给定关键字不在字典中。

时间:2019-04-19 15:56:58.237
2019/4/19 15:56:58 发送落袋信息成功。 条码：noread  实际格口：10869

时间:2019-04-19 15:57:00.393
2019/4/19 15:57:00更改正常条码落袋数据异常：给定关键字不在字典中。

时间:2019-04-19 15:57:00.441
2019/4/19 15:57:00更改正常条码落袋数据异常：给定关键字不在字典中。

时间:2019-04-19 15:57:00.447
2019/4/19 15:57:00更改正常条码落袋数据异常：给定关键字不在字典中。

时间:2019-04-19 15:57:00.779
2019/4/19 15:57:00 发送落袋信息成功。 条码：446628026706  实际格口：10870

时间:2019-04-19 15:57:02.604
2019/4/19 15:57:02更改正常条码落袋数据异常：给定关键字不在字典中。

时间:2019-04-19 15:57:02.612
2019/4/19 15:57:02更改正常条码落袋数据异常：给定关键字不在字典中。

时间:2019-04-19 15:57:02.620
2019/4/19 15:57:02更改正常条码落袋数据异常：给定关键字不在字典中。

时间:2019-04-19 15:57:04.589
2019/4/19 15:57:04更改正常条码落袋数据异常：给定关键字不在字典中。

时间:2019-04-19 15:57:04.597
2019/4/19 15:57:04更改正常条码落袋数据异常：给定关键字不在字典中。

时间:2019-04-19 15:57:04.604
2019/4/19 15:57:04更改正常条码落袋数据异常：给定关键字不在字典中。

时间:2019-04-19 15:57:06.995
2019/4/19 15:57:06更改正常条码落袋数据异常：给定关键字不在字典中。

时间:2019-04-19 15:57:07.037
2019/4/19 15:57:07更改正常条码落袋数据异常：给定关键字不在字典中。

时间:2019-04-19 15:57:07.044
2019/4/19 15:57:07更改正常条码落袋数据异常：给定关键字不在字典中。

时间:2019-04-19 15:57:07.363
2019/4/19 15:57:07 发送落袋信息成功。 条码：noread  实际格口：10871

时间:2019-04-19 15:57:09.129
2019/4/19 15:57:09更改正常条码落袋数据异常：给定关键字不在字典中。

时间:2019-04-19 15:57:09.136
2019/4/19 15:57:09更改正常条码落袋数据异常：给定关键字不在字典中。

时间:2019-04-19 15:57:11.167
2019/4/19 15:57:11更改正常条码落袋数据异常：给定关键字不在字典中。

时间:2019-04-19 15:57:11.174
2019/4/19 15:57:11更改正常条码落袋数据异常：给定关键字不在字典中。

时间:2019-04-19 15:57:13.162
2019/4/19 15:57:13更改正常条码落袋数据异常：给定关键字不在字典中。

时间:2019-04-19 15:57:13.168
2019/4/19 15:57:13更改正常条码落袋数据异常：给定关键字不在字典中。

时间:2019-04-19 15:57:15.426
2019/4/19 15:57:15更改正常条码落袋数据异常：给定关键字不在字典中。

时间:2019-04-19 15:57:15.441
2019/4/19 15:57:15更改正常条码落袋数据异常：给定关键字不在字典中。

时间:2019-04-19 15:57:17.631
2019/4/19 15:57:17更改正常条码落袋数据异常：给定关键字不在字典中。

时间:2019-04-19 15:57:17.640
2019/4/19 15:57:17更改正常条码落袋数据异常：给定关键字不在字典中。

时间:2019-04-19 15:57:19.861
2019/4/19 15:57:19更改正常条码落袋数据异常：给定关键字不在字典中。

时间:2019-04-19 15:57:19.950
2019/4/19 15:57:19更改正常条码落袋数据异常：给定关键字不在字典中。

时间:2019-04-19 15:57:20.047
2019/4/19 15:57:20 发送落袋信息成功。 条码：446628026706  实际格口：10872

时间:2019-04-19 15:57:22.069
2019/4/19 15:57:22更改正常条码落袋数据异常：给定关键字不在字典中。

时间:2019-04-19 15:57:22.588
2019/4/19 15:57:22 发送落袋信息成功。 条码：446628026706  实际格口：10873

时间:2019-04-19 15:58:29.824
2019/4/19 15:58:29更改正常条码落袋数据异常：给定关键字不在字典中。

时间:2019-04-19 15:58:31.962
2019/4/19 15:58:31更改正常条码落袋数据异常：给定关键字不在字典中。

时间:2019-04-19 15:58:34.149
2019/4/19 15:58:34更改正常条码落袋数据异常：给定关键字不在字典中。

时间:2019-04-19 15:58:36.626
2019/4/19 15:58:36 发送落袋信息成功。 条码：446628026691  实际格口：10874

时间:2019-04-19 15:58:38.716
2019/4/19 15:58:38更改正常条码落袋数据异常：给定关键字不在字典中。

时间:2019-04-19 15:58:38.723
2019/4/19 15:58:38更改正常条码落袋数据异常：给定关键字不在字典中。

时间:2019-04-19 15:58:41.069
2019/4/19 15:58:41更改正常条码落袋数据异常：给定关键字不在字典中。

时间:2019-04-19 15:58:41.078
2019/4/19 15:58:41更改正常条码落袋数据异常：给定关键字不在字典中。

时间:2019-04-19 15:58:41.086
2019/4/19 15:58:41更改正常条码落袋数据异常：给定关键字不在字典中。

时间:2019-04-19 15:58:43.248
2019/4/19 15:58:43 发送落袋信息成功。 条码：446628026821  实际格口：10875

时间:2019-04-19 15:58:45.753
2019/4/19 15:58:45 发送落袋信息成功。 条码：237436042328  实际格口：10876

时间:2019-04-19 15:58:47.783
2019/4/19 15:58:47 发送落袋信息成功。 条码：811471009261  实际格口：10877

时间:2019-04-19 15:58:50.313
2019/4/19 15:58:50 发送落袋信息成功。 条码：078902493165  实际格口：10878

时间:2019-04-19 15:58:52.852
2019/4/19 15:58:52 发送落袋信息成功。 条码：446628023828  实际格口：10879

时间:2019-04-19 15:58:55.394
2019/4/19 15:58:55 发送落袋信息成功。 条码：446628026830  实际格口：10880

时间:2019-04-19 15:58:57.400
2019/4/19 15:58:57 发送落袋信息成功。 条码：237436042433  实际格口：10881

时间:2019-04-19 15:58:59.957
2019/4/19 15:58:59 发送落袋信息成功。 条码：237436041642  实际格口：10882

时间:2019-04-19 15:59:02.493
2019/4/19 15:59:02 发送落袋信息成功。 条码：446628046156  实际格口：10883

时间:2019-04-19 15:59:04.516
2019/4/19 15:59:04更改正常条码落袋数据异常：给定关键字不在字典中。

时间:2019-04-19 15:59:04.523
2019/4/19 15:59:04更改正常条码落袋数据异常：给定关键字不在字典中。

时间:2019-04-19 15:59:04.533
2019/4/19 15:59:04更改正常条码落袋数据异常：给定关键字不在字典中。

时间:2019-04-19 15:59:07.053
2019/4/19 15:59:07 发送落袋信息成功。 条码：446628026637  实际格口：10884

时间:2019-04-19 15:59:09.589
2019/4/19 15:59:09 发送落袋信息成功。 条码：446628027101  实际格口：10885

时间:2019-04-19 15:59:12.122
2019/4/19 15:59:12 发送落袋信息成功。 条码：446628026646  实际格口：10886

时间:2019-04-19 15:59:14.237
2019/4/19 15:59:14 发送落袋信息成功。 条码：446628026858  实际格口：10887

时间:2019-04-19 15:59:16.337
2019/4/19 15:59:16 发送落袋信息成功。 条码：446628026955  实际格口：10888

时间:2019-04-19 15:59:18.695
2019/4/19 15:59:18 发送落袋信息成功。 条码：247960000892  实际格口：10889

时间:2019-04-19 15:59:20.683
2019/4/19 15:59:20更改正常条码落袋数据异常：给定关键字不在字典中。

时间:2019-04-19 15:59:20.690
2019/4/19 15:59:20更改正常条码落袋数据异常：给定关键字不在字典中。

时间:2019-04-19 15:59:20.696
2019/4/19 15:59:20更改正常条码落袋数据异常：给定关键字不在字典中。

时间:2019-04-19 15:59:20.703
2019/4/19 15:59:20更改正常条码落袋数据异常：给定关键字不在字典中。

时间:2019-04-19 15:59:23.288
2019/4/19 15:59:23 发送落袋信息成功。 条码：446628026982  实际格口：10890

时间:2019-04-19 15:59:25.816
2019/4/19 15:59:25 发送落袋信息成功。 条码：446628026900  实际格口：10891

时间:2019-04-19 15:59:27.848
2019/4/19 15:59:27 发送落袋信息成功。 条码：446628027068  实际格口：10892

时间:2019-04-19 15:59:30.385
2019/4/19 15:59:30 发送落袋信息成功。 条码：446628023864  实际格口：10893

时间:2019-04-19 15:59:32.415
2019/4/19 15:59:32 发送落袋信息成功。 条码：802520658230  实际格口：10895

时间:2019-04-19 15:59:35.133
2019/4/19 15:59:35 发送落袋信息成功。 条码：290603393010  实际格口：10896

时间:2019-04-19 15:59:36.973
2019/4/19 15:59:36 发送落袋信息成功。 条码：446628023846  实际格口：10897

时间:2019-04-19 15:59:39.002
2019/4/19 15:59:39 发送落袋信息成功。 条码：446628026760  实际格口：10898

时间:2019-04-19 15:59:41.018
2019/4/19 15:59:41 发送落袋信息成功。 条码：247960000908  实际格口：10899

时间:2019-04-19 15:59:45.272
2019/4/19 15:59:45更改正常条码落袋数据异常：给定关键字不在字典中。

时间:2019-04-19 15:59:47.330
2019/4/19 15:59:47更改正常条码落袋数据异常：给定关键字不在字典中。

时间:2019-04-19 15:59:49.616
2019/4/19 15:59:49更改正常条码落袋数据异常：给定关键字不在字典中。

时间:2019-04-19 15:59:49.632
2019/4/19 15:59:49更改正常条码落袋数据异常：给定关键字不在字典中。

时间:2019-04-19 15:59:52.160
2019/4/19 15:59:52 发送落袋信息成功。 条码：446628026682  实际格口：10900

时间:2019-04-19 15:59:54.017
2019/4/19 15:59:54更改正常条码落袋数据异常：给定关键字不在字典中。

时间:2019-04-19 15:59:54.024
2019/4/19 15:59:54更改正常条码落袋数据异常：给定关键字不在字典中。

时间:2019-04-19 15:59:54.032
2019/4/19 15:59:54更改正常条码落袋数据异常：给定关键字不在字典中。

时间:2019-04-19 15:59:54.039
2019/4/19 15:59:54更改正常条码落袋数据异常：给定关键字不在字典中。

时间:2019-04-19 15:59:56.250
2019/4/19 15:59:56 发送落袋信息成功。 条码：446628026673  实际格口：10901

时间:2019-04-19 15:59:58.257
2019/4/19 15:59:58 发送落袋信息成功。 条码：446628027022  实际格口：10902

时间:2019-04-19 16:00:00.293
2019/4/19 16:00:00 发送落袋信息成功。 条码：026009820848  实际格口：10903

时间:2019-04-19 16:00:02.836
2019/4/19 16:00:02 发送落袋信息成功。 条码：446628026788  实际格口：10904

时间:2019-04-19 16:00:04.864
2019/4/19 16:00:04 发送落袋信息成功。 条码：440497422635  实际格口：10905

时间:2019-04-19 16:00:06.893
2019/4/19 16:00:06 发送落袋信息成功。 条码：446628026655  实际格口：10906

时间:2019-04-19 16:00:08.920
2019/4/19 16:00:08 发送落袋信息成功。 条码：446628027059  实际格口：10907

时间:2019-04-19 16:00:11.463
2019/4/19 16:00:11 发送落袋信息成功。 条码：441614177637  实际格口：10908

时间:2019-04-19 16:00:13.475
2019/4/19 16:00:13 发送落袋信息成功。 条码：256887587709  实际格口：10909

时间:2019-04-19 16:00:15.519
2019/4/19 16:00:15 发送落袋信息成功。 条码：446628027110  实际格口：10910

时间:2019-04-19 16:00:18.046
2019/4/19 16:00:18 发送落袋信息成功。 条码：446628026797  实际格口：10911

时间:2019-04-19 16:00:19.589
2019/4/19 16:00:19更改正常条码落袋数据异常：给定关键字不在字典中。

时间:2019-04-19 16:00:19.601
2019/4/19 16:00:19更改正常条码落袋数据异常：给定关键字不在字典中。

时间:2019-04-19 16:00:19.609
2019/4/19 16:00:19更改正常条码落袋数据异常：给定关键字不在字典中。

时间:2019-04-19 16:00:22.101
2019/4/19 16:00:22 发送落袋信息成功。 条码：446628026742  实际格口：10913

时间:2019-04-19 16:00:24.134
2019/4/19 16:00:24 发送落袋信息成功。 条码：446628026991  实际格口：10914

时间:2019-04-19 16:00:26.678
2019/4/19 16:00:26 发送落袋信息成功。 条码：446628026779  实际格口：10915

时间:2019-04-19 16:00:28.680
2019/4/19 16:00:28 发送落袋信息成功。 条码：446628023785  实际格口：10916

时间:2019-04-19 16:00:30.919
2019/4/19 16:00:30更改正常条码落袋数据异常：给定关键字不在字典中。

时间:2019-04-19 16:00:30.948
2019/4/19 16:00:30更改正常条码落袋数据异常：给定关键字不在字典中。

时间:2019-04-19 16:00:30.956
2019/4/19 16:00:30更改正常条码落袋数据异常：给定关键字不在字典中。

时间:2019-04-19 16:00:33.269
2019/4/19 16:00:33 发送落袋信息成功。 条码：237436041633  实际格口：10917

时间:2019-04-19 16:00:35.175
2019/4/19 16:00:35更改正常条码落袋数据异常：给定关键字不在字典中。

时间:2019-04-19 16:00:35.183
2019/4/19 16:00:35更改正常条码落袋数据异常：给定关键字不在字典中。

时间:2019-04-19 16:00:35.190
2019/4/19 16:00:35更改正常条码落袋数据异常：给定关键字不在字典中。

时间:2019-04-19 16:00:37.831
2019/4/19 16:00:37 发送落袋信息成功。 条码：446628026715  实际格口：10918

时间:2019-04-19 16:00:39.833
2019/4/19 16:00:39 发送落袋信息成功。 条码：446628027138  实际格口：10919

时间:2019-04-19 16:00:42.398
2019/4/19 16:00:42 发送落袋信息成功。 条码：367433331197  实际格口：10920

时间:2019-04-19 16:00:44.506
2019/4/19 16:00:44 发送落袋信息成功。 条码：446628027040  实际格口：10922

时间:2019-04-19 16:00:46.678
2019/4/19 16:00:46更改正常条码落袋数据异常：给定关键字不在字典中。

时间:2019-04-19 16:00:46.685
2019/4/19 16:00:46更改正常条码落袋数据异常：给定关键字不在字典中。

时间:2019-04-19 16:00:46.692
2019/4/19 16:00:46更改正常条码落袋数据异常：给定关键字不在字典中。

时间:2019-04-19 16:00:46.698
2019/4/19 16:00:46更改正常条码落袋数据异常：给定关键字不在字典中。

时间:2019-04-19 16:00:48.967
2019/4/19 16:00:48 发送落袋信息成功。 条码：446628023652  实际格口：10923

时间:2019-04-19 16:00:51.236
2019/4/19 16:00:51更改正常条码落袋数据异常：给定关键字不在字典中。

时间:2019-04-19 16:00:53.437
2019/4/19 16:00:53更改正常条码落袋数据异常：给定关键字不在字典中。

时间:2019-04-19 16:00:55.803
2019/4/19 16:00:55更改正常条码落袋数据异常：给定关键字不在字典中。

时间:2019-04-19 16:00:55.809
2019/4/19 16:00:55更改正常条码落袋数据异常：给定关键字不在字典中。

时间:2019-04-19 16:00:55.816
2019/4/19 16:00:55更改正常条码落袋数据异常：给定关键字不在字典中。

时间:2019-04-19 16:00:55.822
2019/4/19 16:00:55更改正常条码落袋数据异常：给定关键字不在字典中。

时间:2019-04-19 16:00:55.828
2019/4/19 16:00:55更改正常条码落袋数据异常：给定关键字不在字典中。

时间:2019-04-19 16:00:57.914
2019/4/19 16:00:57更改正常条码落袋数据异常：给定关键字不在字典中。

时间:2019-04-19 16:00:57.924
2019/4/19 16:00:57更改正常条码落袋数据异常：给定关键字不在字典中。

时间:2019-04-19 16:01:00.229
2019/4/19 16:01:00更改正常条码落袋数据异常：给定关键字不在字典中。

时间:2019-04-19 16:01:00.235
2019/4/19 16:01:00更改正常条码落袋数据异常：给定关键字不在字典中。

时间:2019-04-19 16:01:02.408
2019/4/19 16:01:02更改正常条码落袋数据异常：给定关键字不在字典中。

时间:2019-04-19 16:01:02.415
2019/4/19 16:01:02更改正常条码落袋数据异常：给定关键字不在字典中。

时间:2019-04-19 16:01:04.517
2019/4/19 16:01:04更改正常条码落袋数据异常：给定关键字不在字典中。

时间:2019-04-19 16:01:04.586
2019/4/19 16:01:04更改正常条码落袋数据异常：给定关键字不在字典中。

时间:2019-04-19 16:01:04.593
2019/4/19 16:01:04更改正常条码落袋数据异常：给定关键字不在字典中。

时间:2019-04-19 16:01:04.600
2019/4/19 16:01:04更改正常条码落袋数据异常：给定关键字不在字典中。

时间:2019-04-19 16:01:04.710
2019/4/19 16:01:04 发送落袋信息成功。 条码：446628027077  实际格口：10924

时间:2019-04-19 16:01:04.720
2019/4/19 16:01:04 发送落袋信息成功。 条码：446628026628  实际格口：10925

时间:2019-04-19 16:01:04.732
2019/4/19 16:01:04 发送落袋信息成功。 条码：446628023721  实际格口：10926

时间:2019-04-19 16:01:06.585
2019/4/19 16:01:06更改正常条码落袋数据异常：给定关键字不在字典中。

时间:2019-04-19 16:01:08.612
2019/4/19 16:01:08更改正常条码落袋数据异常：给定关键字不在字典中。

时间:2019-04-19 16:01:10.822
2019/4/19 16:01:10更改正常条码落袋数据异常：给定关键字不在字典中。

时间:2019-04-19 16:01:10.870
2019/4/19 16:01:10更改正常条码落袋数据异常：给定关键字不在字典中。

时间:2019-04-19 16:01:11.303
2019/4/19 16:01:11 发送落袋信息成功。 条码：446628046165  实际格口：10927

时间:2019-04-19 16:01:11.314
2019/4/19 16:01:11 发送落袋信息成功。 条码：964863393986  实际格口：10928

时间:2019-04-19 16:01:11.325
2019/4/19 16:01:11 发送落袋信息成功。 条码：078902491624  实际格口：10929

时间:2019-04-19 16:01:11.336
2019/4/19 16:01:11 发送落袋信息成功。 条码：446628026867  实际格口：10930

时间:2019-04-19 16:01:11.347
2019/4/19 16:01:11 发送落袋信息成功。 条码：363494637169  实际格口：10932

时间:2019-04-19 16:01:11.359
2019/4/19 16:01:11 发送落袋信息成功。 条码：446628027147  实际格口：10933

时间:2019-04-19 16:01:13.333
2019/4/19 16:01:13 发送落袋信息成功。 条码：446628026964  实际格口：10934

时间:2019-04-19 16:04:52.910
2019/4/19 16:04:52更改正常条码落袋数据异常：给定关键字不在字典中。

时间:2019-04-19 16:04:55.113
2019/4/19 16:04:55更改正常条码落袋数据异常：给定关键字不在字典中。

时间:2019-04-19 16:04:55.121
2019/4/19 16:04:55更改正常条码落袋数据异常：给定关键字不在字典中。

时间:2019-04-19 16:04:57.174
2019/4/19 16:04:57更改正常条码落袋数据异常：给定关键字不在字典中。

时间:2019-04-19 16:04:57.181
2019/4/19 16:04:57更改正常条码落袋数据异常：给定关键字不在字典中。

时间:2019-04-19 16:04:57.188
2019/4/19 16:04:57更改正常条码落袋数据异常：给定关键字不在字典中。

时间:2019-04-19 16:04:59.199
2019/4/19 16:04:59更改正常条码落袋数据异常：给定关键字不在字典中。

时间:2019-04-19 16:04:59.206
2019/4/19 16:04:59更改正常条码落袋数据异常：给定关键字不在字典中。

时间:2019-04-19 16:04:59.213
2019/4/19 16:04:59更改正常条码落袋数据异常：给定关键字不在字典中。

时间:2019-04-19 16:04:59.220
2019/4/19 16:04:59更改正常条码落袋数据异常：给定关键字不在字典中。

时间:2019-04-19 16:05:01.343
2019/4/19 16:05:01 发送落袋信息成功。 条码：446628026867  实际格口：10935

时间:2019-04-19 16:05:03.369
2019/4/19 16:05:03 发送落袋信息成功。 条码：440497422635  实际格口：10936

时间:2019-04-19 16:05:05.434
2019/4/19 16:05:05更改正常条码落袋数据异常：给定关键字不在字典中。

时间:2019-04-19 16:05:07.755
2019/4/19 16:05:07更改正常条码落袋数据异常：给定关键字不在字典中。

时间:2019-04-19 16:05:07.762
2019/4/19 16:05:07更改正常条码落袋数据异常：给定关键字不在字典中。

时间:2019-04-19 16:05:07.768
2019/4/19 16:05:07更改正常条码落袋数据异常：给定关键字不在字典中。

时间:2019-04-19 16:05:07.778
2019/4/19 16:05:07更改正常条码落袋数据异常：给定关键字不在字典中。

时间:2019-04-19 16:05:07.786
2019/4/19 16:05:07更改正常条码落袋数据异常：给定关键字不在字典中。

时间:2019-04-19 16:05:09.814
2019/4/19 16:05:09更改正常条码落袋数据异常：给定关键字不在字典中。

时间:2019-04-19 16:05:12.080
2019/4/19 16:05:12更改正常条码落袋数据异常：给定关键字不在字典中。

时间:2019-04-19 16:05:14.449
2019/4/19 16:05:14更改正常条码落袋数据异常：给定关键字不在字典中。

时间:2019-04-19 16:05:14.461
2019/4/19 16:05:14更改正常条码落袋数据异常：给定关键字不在字典中。

时间:2019-04-19 16:05:16.651
2019/4/19 16:05:16更改正常条码落袋数据异常：给定关键字不在字典中。

时间:2019-04-19 16:05:16.658
2019/4/19 16:05:16更改正常条码落袋数据异常：给定关键字不在字典中。

时间:2019-04-19 16:05:18.565
2019/4/19 16:05:18更改正常条码落袋数据异常：给定关键字不在字典中。

时间:2019-04-19 16:05:18.610
2019/4/19 16:05:18更改正常条码落袋数据异常：给定关键字不在字典中。

时间:2019-04-19 16:05:19.096
2019/4/19 16:05:19 发送落袋信息成功。 条码：446628027022  实际格口：10937

时间:2019-04-19 16:05:19.106
2019/4/19 16:05:19 发送落袋信息成功。 条码：446628026724  实际格口：10938

时间:2019-04-19 16:05:19.116
2019/4/19 16:05:19 发送落袋信息成功。 条码：078902492594  实际格口：10940

时间:2019-04-19 16:05:19.128
2019/4/19 16:05:19 发送落袋信息成功。 条码：446628027086  实际格口：10941

时间:2019-04-19 16:05:20.503
2019/4/19 16:05:20更改正常条码落袋数据异常：给定关键字不在字典中。

时间:2019-04-19 16:05:22.511
2019/4/19 16:05:22更改正常条码落袋数据异常：给定关键字不在字典中。

时间:2019-04-19 16:05:24.665
2019/4/19 16:05:24更改正常条码落袋数据异常：给定关键字不在字典中。

时间:2019-04-19 16:05:26.732
2019/4/19 16:05:26更改正常条码落袋数据异常：给定关键字不在字典中。

时间:2019-04-19 16:05:26.755
2019/4/19 16:05:26更改正常条码落袋数据异常：给定关键字不在字典中。

时间:2019-04-19 16:05:26.761
2019/4/19 16:05:26更改正常条码落袋数据异常：给定关键字不在字典中。

时间:2019-04-19 16:05:26.767
2019/4/19 16:05:26更改正常条码落袋数据异常：给定关键字不在字典中。

时间:2019-04-19 16:05:26.778
2019/4/19 16:05:26更改正常条码落袋数据异常：给定关键字不在字典中。

时间:2019-04-19 16:05:27.216
2019/4/19 16:05:27 发送落袋信息成功。 条码：446628026664  实际格口：10942

时间:2019-04-19 16:05:27.226
2019/4/19 16:05:27 发送落袋信息成功。 条码：446628046235  实际格口：10943

时间:2019-04-19 16:05:27.238
2019/4/19 16:05:27 发送落袋信息成功。 条码：446628027095  实际格口：10944

时间:2019-04-19 16:05:27.249
2019/4/19 16:05:27 发送落袋信息成功。 条码：446628046226  实际格口：10945

时间:2019-04-19 16:05:27.261
2019/4/19 16:05:27 发送落袋信息成功。 条码：439369876437  实际格口：10946

时间:2019-04-19 16:05:27.273
2019/4/19 16:05:27 发送落袋信息成功。 条码：253450127311  实际格口：10947

时间:2019-04-19 16:05:27.286
2019/4/19 16:05:27 发送落袋信息成功。 条码：446628023712  实际格口：10948

时间:2019-04-19 16:05:28.912
2019/4/19 16:05:28更改正常条码落袋数据异常：给定关键字不在字典中。

时间:2019-04-19 16:05:31.240
2019/4/19 16:05:31更改正常条码落袋数据异常：给定关键字不在字典中。

时间:2019-04-19 16:05:33.465
2019/4/19 16:05:33更改正常条码落袋数据异常：给定关键字不在字典中。

时间:2019-04-19 16:05:35.545
2019/4/19 16:05:35更改正常条码落袋数据异常：给定关键字不在字典中。

时间:2019-04-19 16:05:37.577
2019/4/19 16:05:37更改正常条码落袋数据异常：给定关键字不在字典中。

时间:2019-04-19 16:05:39.528
2019/4/19 16:05:39更改正常条码落袋数据异常：给定关键字不在字典中。

时间:2019-04-19 16:05:41.386
2019/4/19 16:05:41更改正常条码落袋数据异常：给定关键字不在字典中。

时间:2019-04-19 16:05:41.918
2019/4/19 16:05:41 发送落袋信息成功。 条码：446628026751  实际格口：10950

时间:2019-04-19 16:05:41.928
2019/4/19 16:05:41 发送落袋信息成功。 条码：446628026733  实际格口：10951

时间:2019-04-19 16:05:41.939
2019/4/19 16:05:41 发送落袋信息成功。 条码：441623340927  实际格口：10952

时间:2019-04-19 16:05:41.953
2019/4/19 16:05:41 发送落袋信息成功。 条码：071231306966  实际格口：10953

时间:2019-04-19 16:05:41.964
2019/4/19 16:05:41 发送落袋信息成功。 条码：446628026885  实际格口：10954

时间:2019-04-19 16:05:41.976
2019/4/19 16:05:41 发送落袋信息成功。 条码：237436042230  实际格口：10955

时间:2019-04-19 16:05:41.988
2019/4/19 16:05:41 发送落袋信息成功。 条码：446628026876  实际格口：10956

时间:2019-04-19 16:05:42.000
2019/4/19 16:05:42 发送落袋信息成功。 条码：446628027040  实际格口：10957

时间:2019-04-19 16:05:43.979
2019/4/19 16:05:43更改正常条码落袋数据异常：给定关键字不在字典中。

时间:2019-04-19 16:05:45.897
2019/4/19 16:05:45更改正常条码落袋数据异常：给定关键字不在字典中。

时间:2019-04-19 16:05:48.100
2019/4/19 16:05:48更改正常条码落袋数据异常：给定关键字不在字典中。

时间:2019-04-19 16:05:50.414
2019/4/19 16:05:50更改正常条码落袋数据异常：给定关键字不在字典中。

时间:2019-04-19 16:05:52.553
2019/4/19 16:05:52更改正常条码落袋数据异常：给定关键字不在字典中。

时间:2019-04-19 16:05:52.560
2019/4/19 16:05:52更改正常条码落袋数据异常：给定关键字不在字典中。

时间:2019-04-19 16:05:54.554
2019/4/19 16:05:54更改正常条码落袋数据异常：给定关键字不在字典中。

时间:2019-04-19 16:05:54.563
2019/4/19 16:05:54更改正常条码落袋数据异常：给定关键字不在字典中。

时间:2019-04-19 16:05:56.704
2019/4/19 16:05:56更改正常条码落袋数据异常：给定关键字不在字典中。

时间:2019-04-19 16:05:56.725
2019/4/19 16:05:56更改正常条码落袋数据异常：给定关键字不在字典中。

时间:2019-04-19 16:05:57.126
2019/4/19 16:05:57 发送落袋信息成功。 条码：363494637169  实际格口：10958

时间:2019-04-19 16:05:57.137
2019/4/19 16:05:57 发送落袋信息成功。 条码：446628026715  实际格口：10959

时间:2019-04-19 16:05:57.147
2019/4/19 16:05:57 发送落袋信息成功。 条码：446628026982  实际格口：10960

时间:2019-04-19 16:05:57.157
2019/4/19 16:05:57 发送落袋信息成功。 条码：446628026858  实际格口：10961

时间:2019-04-19 16:05:57.169
2019/4/19 16:05:57 发送落袋信息成功。 条码：446628026760  实际格口：10962

时间:2019-04-19 16:05:58.924
2019/4/19 16:05:58更改正常条码落袋数据异常：给定关键字不在字典中。

时间:2019-04-19 16:06:01.253
2019/4/19 16:06:01更改正常条码落袋数据异常：给定关键字不在字典中。

时间:2019-04-19 16:06:03.353
2019/4/19 16:06:03更改正常条码落袋数据异常：给定关键字不在字典中。

时间:2019-04-19 16:06:03.360
2019/4/19 16:06:03更改正常条码落袋数据异常：给定关键字不在字典中。

时间:2019-04-19 16:06:05.682
2019/4/19 16:06:05更改正常条码落袋数据异常：给定关键字不在字典中。

时间:2019-04-19 16:06:05.734
2019/4/19 16:06:05更改正常条码落袋数据异常：给定关键字不在字典中。

时间:2019-04-19 16:06:05.802
2019/4/19 16:06:05 发送落袋信息成功。 条码：446628026646  实际格口：10963

时间:2019-04-19 16:06:05.818
2019/4/19 16:06:05 发送落袋信息成功。 条码：446628027101  实际格口：10964

时间:2019-04-19 16:06:05.828
2019/4/19 16:06:05 发送落袋信息成功。 条码：446628026637  实际格口：10965

时间:2019-04-19 16:06:05.840
2019/4/19 16:06:05 发送落袋信息成功。 条码：446628026742  实际格口：10966

时间:2019-04-19 16:06:05.852
2019/4/19 16:06:05 发送落袋信息成功。 条码：446628026682  实际格口：10967

时间:2019-04-19 16:06:05.864
2019/4/19 16:06:05 发送落袋信息成功。 条码：446628026955  实际格口：10968

时间:2019-04-19 16:06:07.710
2019/4/19 16:06:07更改正常条码落袋数据异常：给定关键字不在字典中。

时间:2019-04-19 16:06:09.801
2019/4/19 16:06:09更改正常条码落袋数据异常：给定关键字不在字典中。

时间:2019-04-19 16:06:11.905
2019/4/19 16:06:11更改正常条码落袋数据异常：给定关键字不在字典中。

时间:2019-04-19 16:06:14.107
2019/4/19 16:06:14更改正常条码落袋数据异常：给定关键字不在字典中。

时间:2019-04-19 16:06:14.114
2019/4/19 16:06:14更改正常条码落袋数据异常：给定关键字不在字典中。

时间:2019-04-19 16:06:16.330
2019/4/19 16:06:16更改正常条码落袋数据异常：给定关键字不在字典中。

时间:2019-04-19 16:06:16.356
2019/4/19 16:06:16更改正常条码落袋数据异常：给定关键字不在字典中。

时间:2019-04-19 16:06:16.487
2019/4/19 16:06:16 发送落袋信息成功。 条码：446628046156  实际格口：10969

时间:2019-04-19 16:06:16.497
2019/4/19 16:06:16 发送落袋信息成功。 条码：446628023794  实际格口：10970

时间:2019-04-19 16:06:16.509
2019/4/19 16:06:16 发送落袋信息成功。 条码：446628026830  实际格口：10971

时间:2019-04-19 16:06:16.522
2019/4/19 16:06:16 发送落袋信息成功。 条码：446628023828  实际格口：10972

时间:2019-04-19 16:06:16.532
2019/4/19 16:06:16 发送落袋信息成功。 条码：078902493165  实际格口：10973

时间:2019-04-19 16:06:16.543
2019/4/19 16:06:16 发送落袋信息成功。 条码：811471009261  实际格口：10974

时间:2019-04-19 16:06:18.433
2019/4/19 16:06:18更改正常条码落袋数据异常：给定关键字不在字典中。

时间:2019-04-19 16:06:20.231
2019/4/19 16:06:20更改正常条码落袋数据异常：给定关键字不在字典中。

时间:2019-04-19 16:06:22.299
2019/4/19 16:06:22更改正常条码落袋数据异常：给定关键字不在字典中。

时间:2019-04-19 16:06:24.261
2019/4/19 16:06:24更改正常条码落袋数据异常：给定关键字不在字典中。

时间:2019-04-19 16:06:26.315
2019/4/19 16:06:26更改正常条码落袋数据异常：给定关键字不在字典中。

时间:2019-04-19 16:06:26.540
2019/4/19 16:06:26 发送落袋信息成功。 条码：237436042328  实际格口：10975

时间:2019-04-19 16:06:26.551
2019/4/19 16:06:26 发送落袋信息成功。 条码：446628026691  实际格口：10976

时间:2019-04-19 16:06:26.562
2019/4/19 16:06:26 发送落袋信息成功。 条码：446628026821  实际格口：10977

时间:2019-04-19 16:09:15.998
2019/4/19 16:09:15更改正常条码落袋数据异常：给定关键字不在字典中。

时间:2019-04-19 16:09:18.432
2019/4/19 16:09:18更改正常条码落袋数据异常：给定关键字不在字典中。

时间:2019-04-19 16:09:18.432
2019/4/19 16:09:18更改正常条码落袋数据异常：给定关键字不在字典中。

时间:2019-04-19 16:09:20.772
2019/4/19 16:09:20更改正常条码落袋数据异常：给定关键字不在字典中。

时间:2019-04-19 16:09:20.772
2019/4/19 16:09:20更改正常条码落袋数据异常：给定关键字不在字典中。

时间:2019-04-19 16:09:20.787
2019/4/19 16:09:20更改正常条码落袋数据异常：给定关键字不在字典中。

时间:2019-04-19 16:09:23.268
2019/4/19 16:09:23 发送落袋信息成功。 条码：446628026849  实际格口：10978

时间:2019-04-19 16:09:25.795
2019/4/19 16:09:25 发送落袋信息成功。 条码：446628027004  实际格口：10979

时间:2019-04-19 16:09:28.166
2019/4/19 16:09:28更改正常条码落袋数据异常：给定关键字不在字典中。

时间:2019-04-19 16:09:30.428
2019/4/19 16:09:30更改正常条码落袋数据异常：给定关键字不在字典中。

时间:2019-04-19 16:09:32.877
2019/4/19 16:09:32更改正常条码落袋数据异常：给定关键字不在字典中。

时间:2019-04-19 16:09:35.217
2019/4/19 16:09:35更改正常条码落袋数据异常：给定关键字不在字典中。

时间:2019-04-19 16:09:35.217
2019/4/19 16:09:35更改正常条码落袋数据异常：给定关键字不在字典中。

时间:2019-04-19 16:09:37.667
2019/4/19 16:09:37更改正常条码落袋数据异常：给定关键字不在字典中。

时间:2019-04-19 16:09:39.960
2019/4/19 16:09:39更改正常条码落袋数据异常：给定关键字不在字典中。

时间:2019-04-19 16:09:42.456
2019/4/19 16:09:42更改正常条码落袋数据异常：给定关键字不在字典中。

时间:2019-04-19 16:09:42.471
2019/4/19 16:09:42更改正常条码落袋数据异常：给定关键字不在字典中。

时间:2019-04-19 16:09:42.534
2019/4/19 16:09:42 发送落袋信息成功。 条码：247960000801  实际格口：10980

时间:2019-04-19 16:09:42.549
2019/4/19 16:09:42 发送落袋信息成功。 条码：237436042300  实际格口：10981

时间:2019-04-19 16:09:42.565
2019/4/19 16:09:42 发送落袋信息成功。 条码：296663944946  实际格口：10982

时间:2019-04-19 16:09:42.581
2019/4/19 16:09:42 发送落袋信息成功。 条码：446628023800  实际格口：10983

时间:2019-04-19 16:09:42.581
2019/4/19 16:09:42 发送落袋信息成功。 条码：noread  实际格口：10984

时间:2019-04-19 16:09:42.596
2019/4/19 16:09:42 发送落袋信息成功。 条码：446628023661  实际格口：10985

时间:2019-04-19 16:09:42.612
2019/4/19 16:09:42 发送落袋信息成功。 条码：237436041642  实际格口：10986

时间:2019-04-19 16:09:44.780
2019/4/19 16:09:44更改正常条码落袋数据异常：给定关键字不在字典中。

时间:2019-04-19 16:09:47.261
2019/4/19 16:09:47更改正常条码落袋数据异常：给定关键字不在字典中。

时间:2019-04-19 16:09:47.261
2019/4/19 16:09:47更改正常条码落袋数据异常：给定关键字不在字典中。

时间:2019-04-19 16:09:49.616
2019/4/19 16:09:49更改正常条码落袋数据异常：给定关键字不在字典中。

时间:2019-04-19 16:09:49.632
2019/4/19 16:09:49更改正常条码落袋数据异常：给定关键字不在字典中。

时间:2019-04-19 16:09:52.190
2019/4/19 16:09:52更改正常条码落袋数据异常：给定关键字不在字典中。

时间:2019-04-19 16:09:52.221
2019/4/19 16:09:52更改正常条码落袋数据异常：给定关键字不在字典中。

时间:2019-04-19 16:09:52.689
2019/4/19 16:09:52 发送落袋信息成功。 条码：446628026964  实际格口：10987

时间:2019-04-19 16:09:52.705
2019/4/19 16:09:52 发送落袋信息成功。 条码：446628027147  实际格口：10988

时间:2019-04-19 16:09:52.721
2019/4/19 16:09:52 发送落袋信息成功。 条码：446628027138  实际格口：10989

时间:2019-04-19 16:09:54.515
2019/4/19 16:09:54更改正常条码落袋数据异常：给定关键字不在字典中。

时间:2019-04-19 16:09:54.515
2019/4/19 16:09:54更改正常条码落袋数据异常：给定关键字不在字典中。

时间:2019-04-19 16:09:56.621
2019/4/19 16:09:56更改正常条码落袋数据异常：给定关键字不在字典中。

时间:2019-04-19 16:09:56.652
2019/4/19 16:09:56更改正常条码落袋数据异常：给定关键字不在字典中。

时间:2019-04-19 16:09:56.652
2019/4/19 16:09:56更改正常条码落袋数据异常：给定关键字不在字典中。

时间:2019-04-19 16:09:56.730
2019/4/19 16:09:56 发送落袋信息成功。 条码：446628027110  实际格口：10990

时间:2019-04-19 16:09:56.745
2019/4/19 16:09:56 发送落袋信息成功。 条码：256887587709  实际格口：10991

时间:2019-04-19 16:09:56.761
2019/4/19 16:09:56 发送落袋信息成功。 条码：446628027059  实际格口：10992

时间:2019-04-19 16:09:56.777
2019/4/19 16:09:56 发送落袋信息成功。 条码：446628026655  实际格口：10993

时间:2019-04-19 16:09:59.007
2019/4/19 16:09:59更改正常条码落袋数据异常：给定关键字不在字典中。

时间:2019-04-19 16:09:59.007
2019/4/19 16:09:59更改正常条码落袋数据异常：给定关键字不在字典中。

时间:2019-04-19 16:10:01.238
2019/4/19 16:10:01更改正常条码落袋数据异常：给定关键字不在字典中。

时间:2019-04-19 16:10:01.254
2019/4/19 16:10:01更改正常条码落袋数据异常：给定关键字不在字典中。

时间:2019-04-19 16:10:03.672
2019/4/19 16:10:03更改正常条码落袋数据异常：给定关键字不在字典中。

时间:2019-04-19 16:10:03.703
2019/4/19 16:10:03更改正常条码落袋数据异常：给定关键字不在字典中。

时间:2019-04-19 16:10:03.843
2019/4/19 16:10:03 发送落袋信息成功。 条码：441614177637  实际格口：10994

时间:2019-04-19 16:10:03.859
2019/4/19 16:10:03 发送落袋信息成功。 条码：446628026788  实际格口：10995

时间:2019-04-19 16:10:05.934
2019/4/19 16:10:05更改正常条码落袋数据异常：给定关键字不在字典中。

时间:2019-04-19 16:10:08.243
2019/4/19 16:10:08更改正常条码落袋数据异常：给定关键字不在字典中。

时间:2019-04-19 16:10:08.414
2019/4/19 16:10:08 发送落袋信息成功。 条码：026009820848  实际格口：10996

时间:2019-04-19 16:10:08.430
2019/4/19 16:10:08 发送落袋信息成功。 条码：247960000908  实际格口：10997

时间:2019-04-19 16:10:08.445
2019/4/19 16:10:08 发送落袋信息成功。 条码：446628026673  实际格口：10998

时间:2019-04-19 16:10:08.461
2019/4/19 16:10:08 发送落袋信息成功。 条码：446628023846  实际格口：10999

时间:2019-04-19 16:10:08.461
2019/4/19 16:10:08 发送落袋信息成功。 条码：290603393010  实际格口：11000

时间:2019-04-19 16:15:34.159
2019/4/19 16:15:34更改正常条码落袋数据异常：给定关键字不在字典中。

时间:2019-04-19 16:15:36.515
2019/4/19 16:15:36更改正常条码落袋数据异常：给定关键字不在字典中。

时间:2019-04-19 16:15:36.530
2019/4/19 16:15:36更改正常条码落袋数据异常：给定关键字不在字典中。

时间:2019-04-19 16:15:38.761
2019/4/19 16:15:38更改正常条码落袋数据异常：给定关键字不在字典中。

时间:2019-04-19 16:15:38.761
2019/4/19 16:15:38更改正常条码落袋数据异常：给定关键字不在字典中。

时间:2019-04-19 16:15:38.777
2019/4/19 16:15:38更改正常条码落袋数据异常：给定关键字不在字典中。

时间:2019-04-19 16:15:41.616
2019/4/19 16:15:41 发送落袋信息成功。 条码：802520658230  实际格口：11001

时间:2019-04-19 16:15:44.190
2019/4/19 16:15:44 发送落袋信息成功。 条码：446628023864  实际格口：11002

时间:2019-04-19 16:15:46.218
2019/4/19 16:15:46 发送落袋信息成功。 条码：446628027068  实际格口：11003

时间:2019-04-19 16:15:48.246
2019/4/19 16:15:48 发送落袋信息成功。 条码：446628026900  实际格口：11004

时间:2019-04-19 16:15:50.648
2019/4/19 16:15:50更改正常条码落袋数据异常：给定关键字不在字典中。

时间:2019-04-19 16:15:52.910
2019/4/19 16:15:52更改正常条码落袋数据异常：给定关键字不在字典中。

时间:2019-04-19 16:15:55.266
2019/4/19 16:15:55更改正常条码落袋数据异常：给定关键字不在字典中。

时间:2019-04-19 16:15:57.606
2019/4/19 16:15:57更改正常条码落袋数据异常：给定关键字不在字典中。

时间:2019-04-19 16:15:59.977
2019/4/19 16:15:59更改正常条码落袋数据异常：给定关键字不在字典中。

时间:2019-04-19 16:16:02.504
2019/4/19 16:16:02更改正常条码落袋数据异常：给定关键字不在字典中。

时间:2019-04-19 16:16:02.957
2019/4/19 16:16:02 发送落袋信息成功。 条码：237436042221  实际格口：11005

时间:2019-04-19 16:16:02.972
2019/4/19 16:16:02 发送落袋信息成功。 条码：467372727536  实际格口：11006

时间:2019-04-19 16:16:02.988
2019/4/19 16:16:02 发送落袋信息成功。 条码：446628026894  实际格口：11007

时间:2019-04-19 16:16:02.988
2019/4/19 16:16:02 发送落袋信息成功。 条码：446628026803  实际格口：11008

时间:2019-04-19 16:16:03.003
2019/4/19 16:16:03 发送落袋信息成功。 条码：869145664434  实际格口：11009

时间:2019-04-19 16:16:03.019
2019/4/19 16:16:03 发送落袋信息成功。 条码：247960000795  实际格口：11010

时间:2019-04-19 16:16:03.035
2019/4/19 16:16:03 发送落袋信息成功。 条码：446628027031  实际格口：11011

时间:2019-04-19 16:16:05.484
2019/4/19 16:16:05 发送落袋信息成功。 条码：446628023837  实际格口：11012

时间:2019-04-19 16:16:07.527
2019/4/19 16:16:07更改正常条码落袋数据异常：给定关键字不在字典中。

时间:2019-04-19 16:16:09.930
2019/4/19 16:16:09更改正常条码落袋数据异常：给定关键字不在字典中。

时间:2019-04-19 16:16:12.223
2019/4/19 16:16:12更改正常条码落袋数据异常：给定关键字不在字典中。

时间:2019-04-19 16:16:14.501
2019/4/19 16:16:14更改正常条码落袋数据异常：给定关键字不在字典中。

时间:2019-04-19 16:16:16.856
2019/4/19 16:16:16更改正常条码落袋数据异常：给定关键字不在字典中。

时间:2019-04-19 16:16:16.856
2019/4/19 16:16:16更改正常条码落袋数据异常：给定关键字不在字典中。

时间:2019-04-19 16:16:19.087
2019/4/19 16:16:19更改正常条码落袋数据异常：给定关键字不在字典中。

时间:2019-04-19 16:16:19.165
2019/4/19 16:16:19更改正常条码落袋数据异常：给定关键字不在字典中。

时间:2019-04-19 16:16:19.165
2019/4/19 16:16:19 发送落袋信息成功。 条码：446628023855  实际格口：11013

时间:2019-04-19 16:16:19.181
2019/4/19 16:16:19 发送落袋信息成功。 条码：446628026973  实际格口：11014

时间:2019-04-19 16:16:19.181
2019/4/19 16:16:19 发送落袋信息成功。 条码：237436042337  实际格口：11015

时间:2019-04-19 16:16:19.196
2019/4/19 16:16:19 发送落袋信息成功。 条码：438106813310  实际格口：11016

时间:2019-04-19 16:16:19.212
2019/4/19 16:16:19 发送落袋信息成功。 条码：247960000810  实际格口：11017

时间:2019-04-19 16:16:21.583
2019/4/19 16:16:21更改正常条码落袋数据异常：给定关键字不在字典中。

时间:2019-04-19 16:16:23.642
2019/4/19 16:16:23更改正常条码落袋数据异常：给定关键字不在字典中。

时间:2019-04-19 16:16:26.029
2019/4/19 16:16:26更改正常条码落袋数据异常：给定关键字不在字典中。

时间:2019-04-19 16:16:28.244
2019/4/19 16:16:28更改正常条码落袋数据异常：给定关键字不在字典中。

时间:2019-04-19 16:16:28.307
2019/4/19 16:16:28 发送落袋信息成功。 条码：078902491624  实际格口：11018

时间:2019-04-19 16:16:28.322
2019/4/19 16:16:28 发送落袋信息成功。 条码：964863393986  实际格口：11019

时间:2019-04-19 16:16:28.338
2019/4/19 16:16:28 发送落袋信息成功。 条码：446628046165  实际格口：11020

时间:2019-04-19 16:45:34.544
2019/4/19 16:45:34更改正常条码落袋数据异常：给定关键字不在字典中。

时间:2019-04-19 16:45:35.221
2019/4/19 16:45:35更改正常条码落袋数据异常：给定关键字不在字典中。

时间:2019-04-19 16:45:36.073
2019/4/19 16:45:36更改正常条码落袋数据异常：给定关键字不在字典中。

时间:2019-04-19 16:45:36.081
2019/4/19 16:45:36更改正常条码落袋数据异常：给定关键字不在字典中。

时间:2019-04-19 16:45:36.817
2019/4/19 16:45:36更改正常条码落袋数据异常：给定关键字不在字典中。

时间:2019-04-19 16:45:36.825
2019/4/19 16:45:36更改正常条码落袋数据异常：给定关键字不在字典中。

时间:2019-04-19 16:45:37.677
2019/4/19 16:45:37更改正常条码落袋数据异常：给定关键字不在字典中。

时间:2019-04-19 16:45:37.684
2019/4/19 16:45:37更改正常条码落袋数据异常：给定关键字不在字典中。

时间:2019-04-19 16:45:38.296
2019/4/19 16:45:38更改正常条码落袋数据异常：给定关键字不在字典中。

时间:2019-04-19 16:45:38.303
2019/4/19 16:45:38更改正常条码落袋数据异常：给定关键字不在字典中。

时间:2019-04-19 16:45:38.927
2019/4/19 16:45:38更改正常条码落袋数据异常：给定关键字不在字典中。

时间:2019-04-19 16:45:39.693
2019/4/19 16:45:39更改正常条码落袋数据异常：给定关键字不在字典中。

时间:2019-04-19 16:45:40.313
2019/4/19 16:45:40更改正常条码落袋数据异常：给定关键字不在字典中。

时间:2019-04-19 16:45:40.941
2019/4/19 16:45:40更改正常条码落袋数据异常：给定关键字不在字典中。

时间:2019-04-19 16:45:41.706
2019/4/19 16:45:41更改正常条码落袋数据异常：给定关键字不在字典中。

时间:2019-04-19 16:45:42.333
2019/4/19 16:45:42更改正常条码落袋数据异常：给定关键字不在字典中。

时间:2019-04-19 16:45:43.129
2019/4/19 16:45:43更改正常条码落袋数据异常：给定关键字不在字典中。

时间:2019-04-19 16:45:43.136
2019/4/19 16:45:43更改正常条码落袋数据异常：给定关键字不在字典中。

时间:2019-04-19 16:45:43.846
2019/4/19 16:45:43更改正常条码落袋数据异常：给定关键字不在字典中。

时间:2019-04-19 16:45:43.853
2019/4/19 16:45:43更改正常条码落袋数据异常：给定关键字不在字典中。

时间:2019-04-19 16:45:44.713
2019/4/19 16:45:44更改正常条码落袋数据异常：给定关键字不在字典中。

时间:2019-04-19 16:45:44.720
2019/4/19 16:45:44更改正常条码落袋数据异常：给定关键字不在字典中。

时间:2019-04-19 16:45:44.727
2019/4/19 16:45:44更改正常条码落袋数据异常：给定关键字不在字典中。

时间:2019-04-19 16:45:45.222
2019/4/19 16:45:45更改正常条码落袋数据异常：给定关键字不在字典中。

时间:2019-04-19 16:45:46.073
2019/4/19 16:45:46更改正常条码落袋数据异常：给定关键字不在字典中。

时间:2019-04-19 16:45:46.080
2019/4/19 16:45:46更改正常条码落袋数据异常：给定关键字不在字典中。

时间:2019-04-19 16:45:46.929
2019/4/19 16:45:46更改正常条码落袋数据异常：给定关键字不在字典中。

时间:2019-04-19 16:45:46.936
2019/4/19 16:45:46更改正常条码落袋数据异常：给定关键字不在字典中。

时间:2019-04-19 16:45:46.942
2019/4/19 16:45:46更改正常条码落袋数据异常：给定关键字不在字典中。

时间:2019-04-19 16:45:47.719
2019/4/19 16:45:47更改正常条码落袋数据异常：给定关键字不在字典中。

时间:2019-04-19 16:45:47.726
2019/4/19 16:45:47更改正常条码落袋数据异常：给定关键字不在字典中。

时间:2019-04-19 16:45:47.732
2019/4/19 16:45:47更改正常条码落袋数据异常：给定关键字不在字典中。

时间:2019-04-19 16:45:48.539
2019/4/19 16:45:48更改正常条码落袋数据异常：给定关键字不在字典中。

时间:2019-04-19 16:45:48.547
2019/4/19 16:45:48更改正常条码落袋数据异常：给定关键字不在字典中。

时间:2019-04-19 16:45:48.556
2019/4/19 16:45:48更改正常条码落袋数据异常：给定关键字不在字典中。

时间:2019-04-19 16:45:48.565
2019/4/19 16:45:48更改正常条码落袋数据异常：给定关键字不在字典中。

时间:2019-04-19 16:45:49.210
2019/4/19 16:45:49更改正常条码落袋数据异常：给定关键字不在字典中。

时间:2019-04-19 16:45:49.976
2019/4/19 16:45:49更改正常条码落袋数据异常：给定关键字不在字典中。

时间:2019-04-19 16:45:50.679
2019/4/19 16:45:50更改正常条码落袋数据异常：给定关键字不在字典中。

时间:2019-04-19 16:45:50.719
2019/4/19 16:45:50更改正常条码落袋数据异常：给定关键字不在字典中。

时间:2019-04-19 16:45:50.727
2019/4/19 16:45:50更改正常条码落袋数据异常：给定关键字不在字典中。

时间:2019-04-19 16:45:51.363
2019/4/19 16:45:51更改正常条码落袋数据异常：给定关键字不在字典中。

时间:2019-04-19 16:45:52.001
2019/4/19 16:45:52更改正常条码落袋数据异常：给定关键字不在字典中。

时间:2019-04-19 16:45:52.009
2019/4/19 16:45:52更改正常条码落袋数据异常：给定关键字不在字典中。

时间:2019-04-19 16:45:52.017
2019/4/19 16:45:52更改正常条码落袋数据异常：给定关键字不在字典中。

时间:2019-04-19 16:45:52.864
2019/4/19 16:45:52更改正常条码落袋数据异常：给定关键字不在字典中。

时间:2019-04-19 16:45:52.870
2019/4/19 16:45:52更改正常条码落袋数据异常：给定关键字不在字典中。

时间:2019-04-19 16:45:52.876
2019/4/19 16:45:52更改正常条码落袋数据异常：给定关键字不在字典中。

时间:2019-04-19 16:45:53.535
2019/4/19 16:45:53更改正常条码落袋数据异常：给定关键字不在字典中。

时间:2019-04-19 16:45:53.544
2019/4/19 16:45:53更改正常条码落袋数据异常：给定关键字不在字典中。

时间:2019-04-19 16:45:53.556
2019/4/19 16:45:53更改正常条码落袋数据异常：给定关键字不在字典中。

时间:2019-04-19 16:45:53.566
2019/4/19 16:45:53更改正常条码落袋数据异常：给定关键字不在字典中。

时间:2019-04-19 16:45:54.304
2019/4/19 16:45:54更改正常条码落袋数据异常：给定关键字不在字典中。

时间:2019-04-19 16:45:54.360
2019/4/19 16:45:54更改正常条码落袋数据异常：给定关键字不在字典中。

时间:2019-04-19 16:45:54.367
2019/4/19 16:45:54更改正常条码落袋数据异常：给定关键字不在字典中。

时间:2019-04-19 16:45:54.373
2019/4/19 16:45:54更改正常条码落袋数据异常：给定关键字不在字典中。

时间:2019-04-19 16:45:54.613
2019/4/19 16:45:54 发送落袋信息成功。 条码：446628046165  实际格口：10001

时间:2019-04-19 16:45:54.625
2019/4/19 16:45:54 发送落袋信息成功。 条码：247960000908  实际格口：10002

时间:2019-04-19 16:45:54.636
2019/4/19 16:45:54 发送落袋信息成功。 条码：446628023882  实际格口：10003

时间:2019-04-19 16:45:54.648
2019/4/19 16:45:54 发送落袋信息成功。 条码：237436041624  实际格口：10004

时间:2019-04-19 16:45:54.659
2019/4/19 16:45:54 发送落袋信息成功。 条码：247960000892  实际格口：10005

时间:2019-04-19 16:45:54.670
2019/4/19 16:45:54 发送落袋信息成功。 条码：446628026894  实际格口：10006

时间:2019-04-19 16:45:55.195
2019/4/19 16:45:55更改正常条码落袋数据异常：给定关键字不在字典中。

时间:2019-04-19 16:45:55.205
2019/4/19 16:45:55更改正常条码落袋数据异常：给定关键字不在字典中。

时间:2019-04-19 16:45:55.213
2019/4/19 16:45:55更改正常条码落袋数据异常：给定关键字不在字典中。

时间:2019-04-19 16:45:55.219
2019/4/19 16:45:55更改正常条码落袋数据异常：给定关键字不在字典中。

时间:2019-04-19 16:45:55.941
2019/4/19 16:45:55更改正常条码落袋数据异常：给定关键字不在字典中。

时间:2019-04-19 16:45:55.948
2019/4/19 16:45:55更改正常条码落袋数据异常：给定关键字不在字典中。

时间:2019-04-19 16:45:55.955
2019/4/19 16:45:55更改正常条码落袋数据异常：给定关键字不在字典中。

时间:2019-04-19 16:45:55.963
2019/4/19 16:45:55更改正常条码落袋数据异常：给定关键字不在字典中。

时间:2019-04-19 16:45:57.155
2019/4/19 16:45:57 发送落袋信息成功。 条码：446628026742  实际格口：10007

时间:2019-04-19 16:45:57.406
2019/4/19 16:45:57更改正常条码落袋数据异常：给定关键字不在字典中。

时间:2019-04-19 16:45:58.297
2019/4/19 16:45:58更改正常条码落袋数据异常：给定关键字不在字典中。

时间:2019-04-19 16:45:59.687
2019/4/19 16:45:59 发送落袋信息成功。 条码：446628026830  实际格口：10008

时间:2019-04-19 16:45:59.699
2019/4/19 16:45:59 发送落袋信息成功。 条码：446628023661  实际格口：10009

时间:2019-04-19 16:45:59.711
2019/4/19 16:45:59 发送落袋信息成功。 条码：446628027022  实际格口：10010

时间:2019-04-19 16:46:00.133
2019/4/19 16:46:00更改正常条码落袋数据异常：给定关键字不在字典中。

时间:2019-04-19 16:46:00.139
2019/4/19 16:46:00更改正常条码落袋数据异常：给定关键字不在字典中。

时间:2019-04-19 16:46:01.209
2019/4/19 16:46:01 发送落袋信息成功。 条码：440497422635  实际格口：10011

时间:2019-04-19 16:46:01.691
2019/4/19 16:46:01 发送落袋信息成功。 条码：446628026682  实际格口：10012

时间:2019-04-19 16:46:02.380
2019/4/19 16:46:02更改正常条码落袋数据异常：给定关键字不在字典中。

时间:2019-04-19 16:46:02.388
2019/4/19 16:46:02更改正常条码落袋数据异常：给定关键字不在字典中。

时间:2019-04-19 16:46:03.143
2019/4/19 16:46:03更改正常条码落袋数据异常：给定关键字不在字典中。

时间:2019-04-19 16:46:03.154
2019/4/19 16:46:03更改正常条码落袋数据异常：给定关键字不在字典中。

时间:2019-04-19 16:46:03.861
2019/4/19 16:46:03更改正常条码落袋数据异常：给定关键字不在字典中。

时间:2019-04-19 16:46:03.870
2019/4/19 16:46:03更改正常条码落袋数据异常：给定关键字不在字典中。

时间:2019-04-19 16:46:04.419
2019/4/19 16:46:04更改正常条码落袋数据异常：给定关键字不在字典中。

时间:2019-04-19 16:46:04.427
2019/4/19 16:46:04更改正常条码落袋数据异常：给定关键字不在字典中。

时间:2019-04-19 16:46:05.189
2019/4/19 16:46:05更改正常条码落袋数据异常：给定关键字不在字典中。

时间:2019-04-19 16:46:05.199
2019/4/19 16:46:05更改正常条码落袋数据异常：给定关键字不在字典中。

时间:2019-04-19 16:46:05.207
2019/4/19 16:46:05更改正常条码落袋数据异常：给定关键字不在字典中。

时间:2019-04-19 16:46:06.279
2019/4/19 16:46:06 发送落袋信息成功。 条码：446628027068  实际格口：10013

时间:2019-04-19 16:46:06.723
2019/4/19 16:46:06更改正常条码落袋数据异常：给定关键字不在字典中。

时间:2019-04-19 16:46:06.731
2019/4/19 16:46:06更改正常条码落袋数据异常：给定关键字不在字典中。

时间:2019-04-19 16:46:06.753
2019/4/19 16:46:06更改正常条码落袋数据异常：给定关键字不在字典中。

时间:2019-04-19 16:46:07.461
2019/4/19 16:46:07更改正常条码落袋数据异常：给定关键字不在字典中。

时间:2019-04-19 16:46:07.467
2019/4/19 16:46:07更改正常条码落袋数据异常：给定关键字不在字典中。

时间:2019-04-19 16:46:07.474
2019/4/19 16:46:07更改正常条码落袋数据异常：给定关键字不在字典中。

时间:2019-04-19 16:46:08.305
2019/4/19 16:46:08更改正常条码落袋数据异常：给定关键字不在字典中。

时间:2019-04-19 16:46:08.319
2019/4/19 16:46:08更改正常条码落袋数据异常：给定关键字不在字典中。

时间:2019-04-19 16:46:08.327
2019/4/19 16:46:08更改正常条码落袋数据异常：给定关键字不在字典中。

时间:2019-04-19 16:46:09.322
2019/4/19 16:46:09 发送落袋信息成功。 条码：078902492594  实际格口：10014

时间:2019-04-19 16:46:10.112
2019/4/19 16:46:10更改正常条码落袋数据异常：给定关键字不在字典中。

时间:2019-04-19 16:46:10.990
2019/4/19 16:46:10更改正常条码落袋数据异常：给定关键字不在字典中。

时间:2019-04-19 16:46:10.997
2019/4/19 16:46:10更改正常条码落袋数据异常：给定关键字不在字典中。

时间:2019-04-19 16:46:11.005
2019/4/19 16:46:11更改正常条码落袋数据异常：给定关键字不在字典中。

时间:2019-04-19 16:46:11.532
2019/4/19 16:46:11更改正常条码落袋数据异常：给定关键字不在字典中。

时间:2019-04-19 16:46:11.543
2019/4/19 16:46:11更改正常条码落袋数据异常：给定关键字不在字典中。

时间:2019-04-19 16:46:11.552
2019/4/19 16:46:11更改正常条码落袋数据异常：给定关键字不在字典中。

时间:2019-04-19 16:46:12.877
2019/4/19 16:46:12 发送落袋信息成功。 条码：256887587709  实际格口：10015

时间:2019-04-19 16:46:12.890
2019/4/19 16:46:12 发送落袋信息成功。 条码：869145664434  实际格口：10016

时间:2019-04-19 16:46:13.518
2019/4/19 16:46:13 发送落袋信息成功。 条码：439369876437  实际格口：10017

时间:2019-04-19 16:46:14.043
2019/4/19 16:46:14更改正常条码落袋数据异常：给定关键字不在字典中。

时间:2019-04-19 16:46:14.052
2019/4/19 16:46:14更改正常条码落袋数据异常：给定关键字不在字典中。

时间:2019-04-19 16:46:14.058
2019/4/19 16:46:14更改正常条码落袋数据异常：给定关键字不在字典中。

时间:2019-04-19 16:46:14.545
2019/4/19 16:46:14更改正常条码落袋数据异常：给定关键字不在字典中。

时间:2019-04-19 16:46:14.552
2019/4/19 16:46:14更改正常条码落袋数据异常：给定关键字不在字典中。

时间:2019-04-19 16:46:14.560
2019/4/19 16:46:14更改正常条码落袋数据异常：给定关键字不在字典中。

时间:2019-04-19 16:46:15.299
2019/4/19 16:46:15更改正常条码落袋数据异常：给定关键字不在字典中。

时间:2019-04-19 16:46:15.312
2019/4/19 16:46:15更改正常条码落袋数据异常：给定关键字不在字典中。

时间:2019-04-19 16:46:15.319
2019/4/19 16:46:15更改正常条码落袋数据异常：给定关键字不在字典中。

时间:2019-04-19 16:46:16.016
2019/4/19 16:46:16更改正常条码落袋数据异常：给定关键字不在字典中。

时间:2019-04-19 16:46:16.022
2019/4/19 16:46:16更改正常条码落袋数据异常：给定关键字不在字典中。

时间:2019-04-19 16:46:16.028
2019/4/19 16:46:16更改正常条码落袋数据异常：给定关键字不在字典中。

时间:2019-04-19 16:46:16.035
2019/4/19 16:46:16更改正常条码落袋数据异常：给定关键字不在字典中。

时间:2019-04-19 16:46:16.611
2019/4/19 16:46:16更改正常条码落袋数据异常：给定关键字不在字典中。

时间:2019-04-19 16:46:16.618
2019/4/19 16:46:16更改正常条码落袋数据异常：给定关键字不在字典中。

时间:2019-04-19 16:46:17.532
2019/4/19 16:46:17更改正常条码落袋数据异常：给定关键字不在字典中。

时间:2019-04-19 16:46:17.544
2019/4/19 16:46:17更改正常条码落袋数据异常：给定关键字不在字典中。

时间:2019-04-19 16:46:17.553
2019/4/19 16:46:17更改正常条码落袋数据异常：给定关键字不在字典中。

时间:2019-04-19 16:46:17.559
2019/4/19 16:46:17更改正常条码落袋数据异常：给定关键字不在字典中。

时间:2019-04-19 16:46:18.423
2019/4/19 16:46:18 发送落袋信息成功。 条码：071827666275  实际格口：10018

时间:2019-04-19 16:46:19.485
2019/4/19 16:46:19 发送落袋信息成功。 条码：882000955185  实际格口：10019

时间:2019-04-19 16:46:19.497
2019/4/19 16:46:19 发送落袋信息成功。 条码：446628027147  实际格口：10020

时间:2019-04-19 16:46:19.843
2019/4/19 16:46:19更改正常条码落袋数据异常：给定关键字不在字典中。

时间:2019-04-19 16:46:19.852
2019/4/19 16:46:19更改正常条码落袋数据异常：给定关键字不在字典中。

时间:2019-04-19 16:46:19.859
2019/4/19 16:46:19更改正常条码落袋数据异常：给定关键字不在字典中。

时间:2019-04-19 16:46:20.542
2019/4/19 16:46:20更改正常条码落袋数据异常：给定关键字不在字典中。

时间:2019-04-19 16:46:21.427
2019/4/19 16:46:21更改正常条码落袋数据异常：给定关键字不在字典中。

时间:2019-04-19 16:46:21.435
2019/4/19 16:46:21更改正常条码落袋数据异常：给定关键字不在字典中。

时间:2019-04-19 16:46:21.442
2019/4/19 16:46:21更改正常条码落袋数据异常：给定关键字不在字典中。

时间:2019-04-19 16:46:22.249
2019/4/19 16:46:22更改正常条码落袋数据异常：给定关键字不在字典中。

时间:2019-04-19 16:46:22.256
2019/4/19 16:46:22更改正常条码落袋数据异常：给定关键字不在字典中。

时间:2019-04-19 16:46:22.262
2019/4/19 16:46:22更改正常条码落袋数据异常：给定关键字不在字典中。

时间:2019-04-19 16:46:23.019
2019/4/19 16:46:23 发送落袋信息成功。 条码：446628046235  实际格口：10021

时间:2019-04-19 16:46:23.032
2019/4/19 16:46:23 发送落袋信息成功。 条码：446628026876  实际格口：10022

时间:2019-04-19 16:46:24.037
2019/4/19 16:46:24 发送落袋信息成功。 条码：446628027004  实际格口：10023

时间:2019-04-19 16:46:24.546
2019/4/19 16:46:24更改正常条码落袋数据异常：给定关键字不在字典中。

时间:2019-04-19 16:46:24.553
2019/4/19 16:46:24更改正常条码落袋数据异常：给定关键字不在字典中。

时间:2019-04-19 16:46:25.404
2019/4/19 16:46:25更改正常条码落袋数据异常：给定关键字不在字典中。

时间:2019-04-19 16:46:25.412
2019/4/19 16:46:25更改正常条码落袋数据异常：给定关键字不在字典中。

时间:2019-04-19 16:46:25.425
2019/4/19 16:46:25更改正常条码落袋数据异常：给定关键字不在字典中。

时间:2019-04-19 16:46:26.561
2019/4/19 16:46:26 发送落袋信息成功。 条码：296663944946  实际格口：10024

时间:2019-04-19 16:46:26.967
2019/4/19 16:46:26更改正常条码落袋数据异常：给定关键字不在字典中。

时间:2019-04-19 16:46:26.974
2019/4/19 16:46:26更改正常条码落袋数据异常：给定关键字不在字典中。

时间:2019-04-19 16:46:26.982
2019/4/19 16:46:26更改正常条码落袋数据异常：给定关键字不在字典中。

时间:2019-04-19 16:46:27.791
2019/4/19 16:46:27更改正常条码落袋数据异常：给定关键字不在字典中。

时间:2019-04-19 16:46:27.798
2019/4/19 16:46:27更改正常条码落袋数据异常：给定关键字不在字典中。

时间:2019-04-19 16:46:27.805
2019/4/19 16:46:27更改正常条码落袋数据异常：给定关键字不在字典中。

时间:2019-04-19 16:46:28.718
2019/4/19 16:46:28更改正常条码落袋数据异常：给定关键字不在字典中。

时间:2019-04-19 16:46:28.724
2019/4/19 16:46:28更改正常条码落袋数据异常：给定关键字不在字典中。

时间:2019-04-19 16:46:28.734
2019/4/19 16:46:28更改正常条码落袋数据异常：给定关键字不在字典中。

时间:2019-04-19 16:46:28.740
2019/4/19 16:46:28更改正常条码落袋数据异常：给定关键字不在字典中。

时间:2019-04-19 16:46:30.122
2019/4/19 16:46:30 发送落袋信息成功。 条码：446628026821  实际格口：10025

时间:2019-04-19 16:46:30.582
2019/4/19 16:46:30 发送落袋信息成功。 条码：446628026803  实际格口：10026

时间:2019-04-19 16:46:31.157
2019/4/19 16:46:31更改正常条码落袋数据异常：给定关键字不在字典中。

时间:2019-04-19 16:46:31.165
2019/4/19 16:46:31更改正常条码落袋数据异常：给定关键字不在字典中。

时间:2019-04-19 16:46:31.175
2019/4/19 16:46:31更改正常条码落袋数据异常：给定关键字不在字典中。

时间:2019-04-19 16:46:31.972
2019/4/19 16:46:31更改正常条码落袋数据异常：给定关键字不在字典中。

时间:2019-04-19 16:46:31.979
2019/4/19 16:46:31更改正常条码落袋数据异常：给定关键字不在字典中。

时间:2019-04-19 16:46:31.988
2019/4/19 16:46:31更改正常条码落袋数据异常：给定关键字不在字典中。

时间:2019-04-19 16:46:31.995
2019/4/19 16:46:31更改正常条码落袋数据异常：给定关键字不在字典中。

时间:2019-04-19 16:46:32.755
2019/4/19 16:46:32更改正常条码落袋数据异常：给定关键字不在字典中。

时间:2019-04-19 16:46:32.764
2019/4/19 16:46:32更改正常条码落袋数据异常：给定关键字不在字典中。

时间:2019-04-19 16:46:32.772
2019/4/19 16:46:32更改正常条码落袋数据异常：给定关键字不在字典中。

时间:2019-04-19 16:46:32.778
2019/4/19 16:46:32更改正常条码落袋数据异常：给定关键字不在字典中。

时间:2019-04-19 16:46:33.772
2019/4/19 16:46:33 发送落袋信息成功。 条码：446628026955  实际格口：10027

时间:2019-04-19 16:46:34.723
2019/4/19 16:46:34 发送落袋信息成功。 条码：446628027101  实际格口：10028

时间:2019-04-19 16:46:35.297
2019/4/19 16:46:35更改正常条码落袋数据异常：给定关键字不在字典中。

时间:2019-04-19 16:46:36.099
2019/4/19 16:46:36更改正常条码落袋数据异常：给定关键字不在字典中。

时间:2019-04-19 16:46:36.107
2019/4/19 16:46:36更改正常条码落袋数据异常：给定关键字不在字典中。

时间:2019-04-19 16:46:36.114
2019/4/19 16:46:36更改正常条码落袋数据异常：给定关键字不在字典中。

时间:2019-04-19 16:46:37.251
2019/4/19 16:46:37 发送落袋信息成功。 条码：446628026760  实际格口：10029

时间:2019-04-19 16:46:37.264
2019/4/19 16:46:37 发送落袋信息成功。 条码：446628026982  实际格口：10030

时间:2019-04-19 16:46:37.712
2019/4/19 16:46:37更改正常条码落袋数据异常：给定关键字不在字典中。

时间:2019-04-19 16:46:37.721
2019/4/19 16:46:37更改正常条码落袋数据异常：给定关键字不在字典中。

时间:2019-04-19 16:46:37.728
2019/4/19 16:46:37更改正常条码落袋数据异常：给定关键字不在字典中。

时间:2019-04-19 16:46:38.454
2019/4/19 16:46:38更改正常条码落袋数据异常：给定关键字不在字典中。

时间:2019-04-19 16:46:39.531
2019/4/19 16:46:39更改正常条码落袋数据异常：给定关键字不在字典中。

时间:2019-04-19 16:46:39.537
2019/4/19 16:46:39更改正常条码落袋数据异常：给定关键字不在字典中。

时间:2019-04-19 16:46:39.544
2019/4/19 16:46:39更改正常条码落袋数据异常：给定关键字不在字典中。

时间:2019-04-19 16:46:40.107
2019/4/19 16:46:40更改正常条码落袋数据异常：给定关键字不在字典中。

时间:2019-04-19 16:46:40.115
2019/4/19 16:46:40更改正常条码落袋数据异常：给定关键字不在字典中。

时间:2019-04-19 16:46:40.129
2019/4/19 16:46:40更改正常条码落袋数据异常：给定关键字不在字典中。

时间:2019-04-19 16:46:41.272
2019/4/19 16:46:41 发送落袋信息成功。 条码：363494637169  实际格口：10031

时间:2019-04-19 16:46:41.284
2019/4/19 16:46:41 发送落袋信息成功。 条码：446628026691  实际格口：10032

时间:2019-04-19 16:46:41.676
2019/4/19 16:46:41更改正常条码落袋数据异常：给定关键字不在字典中。

时间:2019-04-19 16:46:41.690
2019/4/19 16:46:41更改正常条码落袋数据异常：给定关键字不在字典中。

时间:2019-04-19 16:46:41.698
2019/4/19 16:46:41更改正常条码落袋数据异常：给定关键字不在字典中。

时间:2019-04-19 16:46:42.764
2019/4/19 16:46:42 发送落袋信息成功。 条码：446628027040  实际格口：10033

时间:2019-04-19 16:46:43.190
2019/4/19 16:46:43更改正常条码落袋数据异常：给定关键字不在字典中。

时间:2019-04-19 16:46:43.201
2019/4/19 16:46:43更改正常条码落袋数据异常：给定关键字不在字典中。

时间:2019-04-19 16:46:43.208
2019/4/19 16:46:43更改正常条码落袋数据异常：给定关键字不在字典中。

时间:2019-04-19 16:46:44.034
2019/4/19 16:46:44更改正常条码落袋数据异常：给定关键字不在字典中。

时间:2019-04-19 16:46:44.042
2019/4/19 16:46:44更改正常条码落袋数据异常：给定关键字不在字典中。

时间:2019-04-19 16:46:44.050
2019/4/19 16:46:44更改正常条码落袋数据异常：给定关键字不在字典中。

时间:2019-04-19 16:46:44.889
2019/4/19 16:46:44更改正常条码落袋数据异常：给定关键字不在字典中。

时间:2019-04-19 16:46:44.896
2019/4/19 16:46:44更改正常条码落袋数据异常：给定关键字不在字典中。

时间:2019-04-19 16:46:44.904
2019/4/19 16:46:44更改正常条码落袋数据异常：给定关键字不在字典中。

时间:2019-04-19 16:46:44.912
2019/4/19 16:46:44更改正常条码落袋数据异常：给定关键字不在字典中。

时间:2019-04-19 16:46:45.841
2019/4/19 16:46:45 发送落袋信息成功。 条码：446628026849  实际格口：10034

时间:2019-04-19 16:46:46.444
2019/4/19 16:46:46更改正常条码落袋数据异常：给定关键字不在字典中。

时间:2019-04-19 16:46:46.452
2019/4/19 16:46:46更改正常条码落袋数据异常：给定关键字不在字典中。

时间:2019-04-19 16:46:46.458
2019/4/19 16:46:46更改正常条码落袋数据异常：给定关键字不在字典中。

时间:2019-04-19 16:46:47.381
2019/4/19 16:46:47 发送落袋信息成功。 条码：446628026637  实际格口：10035

时间:2019-04-19 16:46:48.199
2019/4/19 16:46:48更改正常条码落袋数据异常：给定关键字不在字典中。

时间:2019-04-19 16:46:48.207
2019/4/19 16:46:48更改正常条码落袋数据异常：给定关键字不在字典中。

时间:2019-04-19 16:46:48.335
2019/4/19 16:46:48更改正常条码落袋数据异常：给定关键字不在字典中。

时间:2019-04-19 16:46:49.390
2019/4/19 16:46:49 发送落袋信息成功。 条码：446628026885  实际格口：10036

时间:2019-04-19 16:46:49.806
2019/4/19 16:46:49更改正常条码落袋数据异常：给定关键字不在字典中。

时间:2019-04-19 16:46:49.815
2019/4/19 16:46:49更改正常条码落袋数据异常：给定关键字不在字典中。

时间:2019-04-19 16:46:49.823
2019/4/19 16:46:49更改正常条码落袋数据异常：给定关键字不在字典中。

时间:2019-04-19 16:46:50.435
2019/4/19 16:46:50更改正常条码落袋数据异常：给定关键字不在字典中。

时间:2019-04-19 16:46:50.445
2019/4/19 16:46:50更改正常条码落袋数据异常：给定关键字不在字典中。

时间:2019-04-19 16:46:50.453
2019/4/19 16:46:50更改正常条码落袋数据异常：给定关键字不在字典中。

时间:2019-04-19 16:46:50.460
2019/4/19 16:46:50更改正常条码落袋数据异常：给定关键字不在字典中。

时间:2019-04-19 16:46:51.332
2019/4/19 16:46:51更改正常条码落袋数据异常：给定关键字不在字典中。

时间:2019-04-19 16:46:51.339
2019/4/19 16:46:51更改正常条码落袋数据异常：给定关键字不在字典中。

时间:2019-04-19 16:46:52.435
2019/4/19 16:46:52 发送落袋信息成功。 条码：446628027095  实际格口：10037

时间:2019-04-19 16:46:53.440
2019/4/19 16:46:53 发送落袋信息成功。 条码：446628046226  实际格口：10038

时间:2019-04-19 16:46:53.451
2019/4/19 16:46:53 发送落袋信息成功。 条码：446628026664  实际格口：10039

时间:2019-04-19 16:46:53.842
2019/4/19 16:46:53更改正常条码落袋数据异常：给定关键字不在字典中。

时间:2019-04-19 16:46:54.494
2019/4/19 16:46:54更改正常条码落袋数据异常：给定关键字不在字典中。

时间:2019-04-19 16:46:54.503
2019/4/19 16:46:54更改正常条码落袋数据异常：给定关键字不在字典中。

时间:2019-04-19 16:46:55.472
2019/4/19 16:46:55 发送落袋信息成功。 条码：446628026724  实际格口：10040

时间:2019-04-19 16:46:56.107
2019/4/19 16:46:56更改正常条码落袋数据异常：给定关键字不在字典中。

时间:2019-04-19 16:46:57.027
2019/4/19 16:46:57更改正常条码落袋数据异常：给定关键字不在字典中。

时间:2019-04-19 16:46:57.039
2019/4/19 16:46:57更改正常条码落袋数据异常：给定关键字不在字典中。

时间:2019-04-19 16:46:57.705
2019/4/19 16:46:57更改正常条码落袋数据异常：给定关键字不在字典中。

时间:2019-04-19 16:46:57.712
2019/4/19 16:46:57更改正常条码落袋数据异常：给定关键字不在字典中。

时间:2019-04-19 16:46:58.420
2019/4/19 16:46:58更改正常条码落袋数据异常：给定关键字不在字典中。

时间:2019-04-19 16:46:58.426
2019/4/19 16:46:58更改正常条码落袋数据异常：给定关键字不在字典中。

时间:2019-04-19 16:46:58.433
2019/4/19 16:46:58更改正常条码落袋数据异常：给定关键字不在字典中。

时间:2019-04-19 16:46:59.329
2019/4/19 16:46:59更改正常条码落袋数据异常：给定关键字不在字典中。

时间:2019-04-19 16:46:59.335
2019/4/19 16:46:59更改正常条码落袋数据异常：给定关键字不在字典中。

时间:2019-04-19 16:46:59.345
2019/4/19 16:46:59更改正常条码落袋数据异常：给定关键字不在字典中。

时间:2019-04-19 16:47:00.179
2019/4/19 16:47:00更改正常条码落袋数据异常：给定关键字不在字典中。

时间:2019-04-19 16:47:00.186
2019/4/19 16:47:00更改正常条码落袋数据异常：给定关键字不在字典中。

时间:2019-04-19 16:47:00.193
2019/4/19 16:47:00更改正常条码落袋数据异常：给定关键字不在字典中。

时间:2019-04-19 16:47:00.200
2019/4/19 16:47:00更改正常条码落袋数据异常：给定关键字不在字典中。

时间:2019-04-19 16:47:00.852
2019/4/19 16:47:00更改正常条码落袋数据异常：给定关键字不在字典中。

时间:2019-04-19 16:47:00.858
2019/4/19 16:47:00更改正常条码落袋数据异常：给定关键字不在字典中。

时间:2019-04-19 16:47:00.864
2019/4/19 16:47:00更改正常条码落袋数据异常：给定关键字不在字典中。

时间:2019-04-19 16:47:00.871
2019/4/19 16:47:00更改正常条码落袋数据异常：给定关键字不在字典中。

时间:2019-04-19 16:47:01.476
2019/4/19 16:47:01更改正常条码落袋数据异常：给定关键字不在字典中。

时间:2019-04-19 16:47:01.483
2019/4/19 16:47:01更改正常条码落袋数据异常：给定关键字不在字典中。

时间:2019-04-19 16:47:01.489
2019/4/19 16:47:01更改正常条码落袋数据异常：给定关键字不在字典中。

时间:2019-04-19 16:47:01.496
2019/4/19 16:47:01更改正常条码落袋数据异常：给定关键字不在字典中。

时间:2019-04-19 16:47:02.942
2019/4/19 16:47:02更改正常条码落袋数据异常：给定关键字不在字典中。

时间:2019-04-19 16:47:02.949
2019/4/19 16:47:02更改正常条码落袋数据异常：给定关键字不在字典中。

时间:2019-04-19 16:47:02.957
2019/4/19 16:47:02更改正常条码落袋数据异常：给定关键字不在字典中。

时间:2019-04-19 16:47:02.967
2019/4/19 16:47:02更改正常条码落袋数据异常：给定关键字不在字典中。

时间:2019-04-19 16:47:03.664
2019/4/19 16:47:03更改正常条码落袋数据异常：给定关键字不在字典中。

时间:2019-04-19 16:47:03.672
2019/4/19 16:47:03更改正常条码落袋数据异常：给定关键字不在字典中。

时间:2019-04-19 16:47:03.679
2019/4/19 16:47:03更改正常条码落袋数据异常：给定关键字不在字典中。

时间:2019-04-19 16:47:03.687
2019/4/19 16:47:03更改正常条码落袋数据异常：给定关键字不在字典中。

时间:2019-04-19 16:47:03.694
2019/4/19 16:47:03更改正常条码落袋数据异常：给定关键字不在字典中。

时间:2019-04-19 16:47:04.723
2019/4/19 16:47:04 发送落袋信息成功。 条码：noread  实际格口：10043

时间:2019-04-19 16:47:05.611
2019/4/19 16:47:05 发送落袋信息成功。 条码：964863393986  实际格口：10044

时间:2019-04-19 16:47:06.192
2019/4/19 16:47:06更改正常条码落袋数据异常：给定关键字不在字典中。

时间:2019-04-19 16:47:07.639
2019/4/19 16:47:07 发送落袋信息成功。 条码：078902491624  实际格口：10045

时间:2019-04-19 16:47:07.653
2019/4/19 16:47:07 发送落袋信息成功。 条码：247960000810  实际格口：10046

时间:2019-04-19 16:47:08.657
2019/4/19 16:47:08 发送落袋信息成功。 条码：438106813310  实际格口：10047

时间:2019-04-19 16:47:09.165
2019/4/19 16:47:09 发送落袋信息成功。 条码：237436042337  实际格口：10048

时间:2019-04-19 16:47:09.730
2019/4/19 16:47:09更改正常条码落袋数据异常：给定关键字不在字典中。

时间:2019-04-19 16:47:09.737
2019/4/19 16:47:09更改正常条码落袋数据异常：给定关键字不在字典中。

时间:2019-04-19 16:47:10.420
2019/4/19 16:47:10更改正常条码落袋数据异常：给定关键字不在字典中。

时间:2019-04-19 16:47:10.428
2019/4/19 16:47:10更改正常条码落袋数据异常：给定关键字不在字典中。

时间:2019-04-19 16:47:11.272
2019/4/19 16:47:11更改正常条码落袋数据异常：给定关键字不在字典中。

时间:2019-04-19 16:47:11.280
2019/4/19 16:47:11更改正常条码落袋数据异常：给定关键字不在字典中。

时间:2019-04-19 16:47:11.288
2019/4/19 16:47:11更改正常条码落袋数据异常：给定关键字不在字典中。

时间:2019-04-19 16:47:12.084
2019/4/19 16:47:12更改正常条码落袋数据异常：给定关键字不在字典中。

时间:2019-04-19 16:47:12.092
2019/4/19 16:47:12更改正常条码落袋数据异常：给定关键字不在字典中。

时间:2019-04-19 16:47:12.101
2019/4/19 16:47:12更改正常条码落袋数据异常：给定关键字不在字典中。

时间:2019-04-19 16:47:13.221
2019/4/19 16:47:13 发送落袋信息成功。 条码：446628026973  实际格口：10049

时间:2019-04-19 16:47:13.585
2019/4/19 16:47:13更改正常条码落袋数据异常：给定关键字不在字典中。

时间:2019-04-19 16:47:13.598
2019/4/19 16:47:13更改正常条码落袋数据异常：给定关键字不在字典中。

时间:2019-04-19 16:47:13.607
2019/4/19 16:47:13更改正常条码落袋数据异常：给定关键字不在字典中。

时间:2019-04-19 16:47:14.228
2019/4/19 16:47:14更改正常条码落袋数据异常：给定关键字不在字典中。

时间:2019-04-19 16:47:14.241
2019/4/19 16:47:14更改正常条码落袋数据异常：给定关键字不在字典中。

时间:2019-04-19 16:47:14.247
2019/4/19 16:47:14更改正常条码落袋数据异常：给定关键字不在字典中。

时间:2019-04-19 16:47:14.925
2019/4/19 16:47:14更改正常条码落袋数据异常：给定关键字不在字典中。

时间:2019-04-19 16:47:14.932
2019/4/19 16:47:14更改正常条码落袋数据异常：给定关键字不在字典中。

时间:2019-04-19 16:47:14.942
2019/4/19 16:47:14更改正常条码落袋数据异常：给定关键字不在字典中。

时间:2019-04-19 16:47:14.951
2019/4/19 16:47:14更改正常条码落袋数据异常：给定关键字不在字典中。

时间:2019-04-19 16:47:15.720
2019/4/19 16:47:15更改正常条码落袋数据异常：给定关键字不在字典中。

时间:2019-04-19 16:47:15.727
2019/4/19 16:47:15更改正常条码落袋数据异常：给定关键字不在字典中。

时间:2019-04-19 16:47:15.735
2019/4/19 16:47:15更改正常条码落袋数据异常：给定关键字不在字典中。

时间:2019-04-19 16:47:15.741
2019/4/19 16:47:15更改正常条码落袋数据异常：给定关键字不在字典中。

时间:2019-04-19 16:47:16.742
2019/4/19 16:47:16 发送落袋信息成功。 条码：446628023855  实际格口：10050

时间:2019-04-19 16:47:17.277
2019/4/19 16:47:17更改正常条码落袋数据异常：给定关键字不在字典中。

时间:2019-04-19 16:47:17.286
2019/4/19 16:47:17更改正常条码落袋数据异常：给定关键字不在字典中。

时间:2019-04-19 16:47:17.293
2019/4/19 16:47:17更改正常条码落袋数据异常：给定关键字不在字典中。

时间:2019-04-19 16:47:17.300
2019/4/19 16:47:17更改正常条码落袋数据异常：给定关键字不在字典中。

时间:2019-04-19 16:47:17.898
2019/4/19 16:47:17更改正常条码落袋数据异常：给定关键字不在字典中。

时间:2019-04-19 16:47:17.906
2019/4/19 16:47:17更改正常条码落袋数据异常：给定关键字不在字典中。

时间:2019-04-19 16:47:17.913
2019/4/19 16:47:17更改正常条码落袋数据异常：给定关键字不在字典中。

时间:2019-04-19 16:47:17.919
2019/4/19 16:47:17更改正常条码落袋数据异常：给定关键字不在字典中。

时间:2019-04-19 16:47:18.810
2019/4/19 16:47:18 发送落袋信息成功。 条码：446628023837  实际格口：10051

时间:2019-04-19 16:47:19.549
2019/4/19 16:47:19更改正常条码落袋数据异常：给定关键字不在字典中。

时间:2019-04-19 16:47:20.833
2019/4/19 16:47:20 发送落袋信息成功。 条码：446628027031  实际格口：10052

时间:2019-04-19 16:47:20.847
2019/4/19 16:47:20 发送落袋信息成功。 条码：247960000795  实际格口：10053

时间:2019-04-19 16:47:21.449
2019/4/19 16:47:21更改正常条码落袋数据异常：给定关键字不在字典中。

时间:2019-04-19 16:47:21.458
2019/4/19 16:47:21更改正常条码落袋数据异常：给定关键字不在字典中。

时间:2019-04-19 16:47:21.465
2019/4/19 16:47:21更改正常条码落袋数据异常：给定关键字不在字典中。

时间:2019-04-19 16:47:22.320
2019/4/19 16:47:22 发送落袋信息成功。 条码：467372727536  实际格口：10054

时间:2019-04-19 16:47:22.962
2019/4/19 16:47:22 发送落袋信息成功。 条码：237436042221  实际格口：10055

时间:2019-04-19 16:47:23.693
2019/4/19 16:47:23更改正常条码落袋数据异常：给定关键字不在字典中。

时间:2019-04-19 16:47:23.809
2019/4/19 16:47:23更改正常条码落袋数据异常：给定关键字不在字典中。

时间:2019-04-19 16:47:24.649
2019/4/19 16:47:24更改正常条码落袋数据异常：给定关键字不在字典中。

时间:2019-04-19 16:47:24.655
2019/4/19 16:47:24更改正常条码落袋数据异常：给定关键字不在字典中。

时间:2019-04-19 16:47:24.661
2019/4/19 16:47:24更改正常条码落袋数据异常：给定关键字不在字典中。

时间:2019-04-19 16:47:25.907
2019/4/19 16:47:25 发送落袋信息成功。 条码：446628026900  实际格口：10056

时间:2019-04-19 16:47:26.917
2019/4/19 16:47:26 发送落袋信息成功。 条码：446628023864  实际格口：10057

时间:2019-04-19 16:47:27.139
2019/4/19 16:47:27更改正常条码落袋数据异常：给定关键字不在字典中。

时间:2019-04-19 16:47:27.146
2019/4/19 16:47:27更改正常条码落袋数据异常：给定关键字不在字典中。

时间:2019-04-19 16:47:27.894
2019/4/19 16:47:27更改正常条码落袋数据异常：给定关键字不在字典中。

时间:2019-04-19 16:47:27.902
2019/4/19 16:47:27更改正常条码落袋数据异常：给定关键字不在字典中。

时间:2019-04-19 16:47:27.911
2019/4/19 16:47:27更改正常条码落袋数据异常：给定关键字不在字典中。

时间:2019-04-19 16:47:28.641
2019/4/19 16:47:28更改正常条码落袋数据异常：给定关键字不在字典中。

时间:2019-04-19 16:47:28.649
2019/4/19 16:47:28更改正常条码落袋数据异常：给定关键字不在字典中。

时间:2019-04-19 16:47:28.676
2019/4/19 16:47:28更改正常条码落袋数据异常：给定关键字不在字典中。

时间:2019-04-19 16:47:29.508
2019/4/19 16:47:29更改正常条码落袋数据异常：给定关键字不在字典中。

时间:2019-04-19 16:47:29.519
2019/4/19 16:47:29更改正常条码落袋数据异常：给定关键字不在字典中。

时间:2019-04-19 16:47:29.525
2019/4/19 16:47:29更改正常条码落袋数据异常：给定关键字不在字典中。

时间:2019-04-19 16:47:29.532
2019/4/19 16:47:29更改正常条码落袋数据异常：给定关键字不在字典中。

时间:2019-04-19 16:47:30.210
2019/4/19 16:47:30更改正常条码落袋数据异常：给定关键字不在字典中。

时间:2019-04-19 16:47:30.216
2019/4/19 16:47:30更改正常条码落袋数据异常：给定关键字不在字典中。

时间:2019-04-19 16:47:30.225
2019/4/19 16:47:30更改正常条码落袋数据异常：给定关键字不在字典中。

时间:2019-04-19 16:47:30.235
2019/4/19 16:47:30更改正常条码落袋数据异常：给定关键字不在字典中。

时间:2019-04-19 16:47:31.482
2019/4/19 16:47:31 发送落袋信息成功。 条码：446628023846  实际格口：10058

时间:2019-04-19 16:47:32.488
2019/4/19 16:47:32 发送落袋信息成功。 条码：290603393010  实际格口：10059

时间:2019-04-19 16:47:33.037
2019/4/19 16:47:33 发送落袋信息成功。 条码：802520658230  实际格口：10060

时间:2019-04-19 16:47:34.017
2019/4/19 16:47:34 发送落袋信息成功。 条码：446628026673  实际格口：10061

时间:2019-04-19 16:47:34.298
2019/4/19 16:47:34更改正常条码落袋数据异常：给定关键字不在字典中。

时间:2019-04-19 16:47:34.306
2019/4/19 16:47:34更改正常条码落袋数据异常：给定关键字不在字典中。

时间:2019-04-19 16:47:35.535
2019/4/19 16:47:35 发送落袋信息成功。 条码：026009820848  实际格口：10062

时间:2019-04-19 16:47:35.838
2019/4/19 16:47:35更改正常条码落袋数据异常：给定关键字不在字典中。

时间:2019-04-19 16:47:35.857
2019/4/19 16:47:35更改正常条码落袋数据异常：给定关键字不在字典中。

时间:2019-04-19 16:47:36.712
2019/4/19 16:47:36更改正常条码落袋数据异常：给定关键字不在字典中。

时间:2019-04-19 16:47:36.721
2019/4/19 16:47:36更改正常条码落袋数据异常：给定关键字不在字典中。

时间:2019-04-19 16:47:36.730
2019/4/19 16:47:36更改正常条码落袋数据异常：给定关键字不在字典中。

时间:2019-04-19 16:47:37.656
2019/4/19 16:47:37 发送落袋信息成功。 条码：446628026788  实际格口：10063

时间:2019-04-19 16:47:38.043
2019/4/19 16:47:38更改正常条码落袋数据异常：给定关键字不在字典中。

时间:2019-04-19 16:47:38.055
2019/4/19 16:47:38更改正常条码落袋数据异常：给定关键字不在字典中。

时间:2019-04-19 16:47:38.821
2019/4/19 16:47:38更改正常条码落袋数据异常：给定关键字不在字典中。

时间:2019-04-19 16:47:38.829
2019/4/19 16:47:38更改正常条码落袋数据异常：给定关键字不在字典中。

时间:2019-04-19 16:47:38.835
2019/4/19 16:47:38更改正常条码落袋数据异常：给定关键字不在字典中。

时间:2019-04-19 16:47:39.651
2019/4/19 16:47:39更改正常条码落袋数据异常：给定关键字不在字典中。

时间:2019-04-19 16:47:39.662
2019/4/19 16:47:39更改正常条码落袋数据异常：给定关键字不在字典中。

时间:2019-04-19 16:47:39.668
2019/4/19 16:47:39更改正常条码落袋数据异常：给定关键字不在字典中。

时间:2019-04-19 16:47:40.338
2019/4/19 16:47:40更改正常条码落袋数据异常：给定关键字不在字典中。

时间:2019-04-19 16:47:40.354
2019/4/19 16:47:40更改正常条码落袋数据异常：给定关键字不在字典中。

时间:2019-04-19 16:47:40.362
2019/4/19 16:47:40更改正常条码落袋数据异常：给定关键字不在字典中。

时间:2019-04-19 16:47:40.370
2019/4/19 16:47:40更改正常条码落袋数据异常：给定关键字不在字典中。

时间:2019-04-19 16:47:41.203
2019/4/19 16:47:41更改正常条码落袋数据异常：给定关键字不在字典中。

时间:2019-04-19 16:47:41.211
2019/4/19 16:47:41更改正常条码落袋数据异常：给定关键字不在字典中。

时间:2019-04-19 16:47:41.220
2019/4/19 16:47:41更改正常条码落袋数据异常：给定关键字不在字典中。

时间:2019-04-19 16:47:41.228
2019/4/19 16:47:41更改正常条码落袋数据异常：给定关键字不在字典中。

时间:2019-04-19 16:47:42.119
2019/4/19 16:47:42 发送落袋信息成功。 条码：441614177637  实际格口：10064

时间:2019-04-19 16:47:43.122
2019/4/19 16:47:43 发送落袋信息成功。 条码：446628026655  实际格口：10065

时间:2019-04-19 16:47:43.664
2019/4/19 16:47:43更改正常条码落袋数据异常：给定关键字不在字典中。

时间:2019-04-19 16:47:43.671
2019/4/19 16:47:43更改正常条码落袋数据异常：给定关键字不在字典中。

时间:2019-04-19 16:47:43.677
2019/4/19 16:47:43更改正常条码落袋数据异常：给定关键字不在字典中。

时间:2019-04-19 16:47:44.368
2019/4/19 16:47:44更改正常条码落袋数据异常：给定关键字不在字典中。

时间:2019-04-19 16:47:45.216
2019/4/19 16:47:45更改正常条码落袋数据异常：给定关键字不在字典中。

时间:2019-04-19 16:47:46.677
2019/4/19 16:47:46 发送落袋信息成功。 条码：446628027059  实际格口：10066

时间:2019-04-19 16:47:46.689
2019/4/19 16:47:46 发送落袋信息成功。 条码：446628027110  实际格口：10067

时间:2019-04-19 16:47:46.704
2019/4/19 16:47:46 发送落袋信息成功。 条码：446628027138  实际格口：10068

时间:2019-04-19 16:47:46.984
2019/4/19 16:47:46更改正常条码落袋数据异常：给定关键字不在字典中。

时间:2019-04-19 16:47:46.991
2019/4/19 16:47:46更改正常条码落袋数据异常：给定关键字不在字典中。

时间:2019-04-19 16:47:48.191
2019/4/19 16:47:48 发送落袋信息成功。 条码：446628026964  实际格口：10069

时间:2019-04-19 16:47:48.692
2019/4/19 16:47:48 发送落袋信息成功。 条码：237436041642  实际格口：10070

时间:2019-04-19 16:47:49.337
2019/4/19 16:47:49更改正常条码落袋数据异常：给定关键字不在字典中。

时间:2019-04-19 16:47:49.346
2019/4/19 16:47:49更改正常条码落袋数据异常：给定关键字不在字典中。

时间:2019-04-19 16:47:50.115
2019/4/19 16:47:50更改正常条码落袋数据异常：给定关键字不在字典中。

时间:2019-04-19 16:47:50.122
2019/4/19 16:47:50更改正常条码落袋数据异常：给定关键字不在字典中。

时间:2019-04-19 16:47:50.868
2019/4/19 16:47:50更改正常条码落袋数据异常：给定关键字不在字典中。

时间:2019-04-19 16:47:50.875
2019/4/19 16:47:50更改正常条码落袋数据异常：给定关键字不在字典中。

时间:2019-04-19 16:47:51.812
2019/4/19 16:47:51更改正常条码落袋数据异常：给定关键字不在字典中。

时间:2019-04-19 16:47:51.819
2019/4/19 16:47:51更改正常条码落袋数据异常：给定关键字不在字典中。

时间:2019-04-19 16:47:51.830
2019/4/19 16:47:51更改正常条码落袋数据异常：给定关键字不在字典中。

时间:2019-04-19 16:47:53.094
2019/4/19 16:47:53 发送落袋信息成功。 条码：446628023800  实际格口：10071

时间:2019-04-19 16:47:53.431
2019/4/19 16:47:53更改正常条码落袋数据异常：给定关键字不在字典中。

时间:2019-04-19 16:47:53.438
2019/4/19 16:47:53更改正常条码落袋数据异常：给定关键字不在字典中。

时间:2019-04-19 16:47:53.446
2019/4/19 16:47:53更改正常条码落袋数据异常：给定关键字不在字典中。

时间:2019-04-19 16:47:54.232
2019/4/19 16:47:54更改正常条码落袋数据异常：给定关键字不在字典中。

时间:2019-04-19 16:47:54.240
2019/4/19 16:47:54更改正常条码落袋数据异常：给定关键字不在字典中。

时间:2019-04-19 16:47:54.247
2019/4/19 16:47:54更改正常条码落袋数据异常：给定关键字不在字典中。

时间:2019-04-19 16:47:55.005
2019/4/19 16:47:55更改正常条码落袋数据异常：给定关键字不在字典中。

时间:2019-04-19 16:47:55.586
2019/4/19 16:47:55更改正常条码落袋数据异常：给定关键字不在字典中。

时间:2019-04-19 16:47:55.595
2019/4/19 16:47:55更改正常条码落袋数据异常：给定关键字不在字典中。

时间:2019-04-19 16:47:55.603
2019/4/19 16:47:55更改正常条码落袋数据异常：给定关键字不在字典中。

时间:2019-04-19 16:47:56.818
2019/4/19 16:47:56 发送落袋信息成功。 条码：237436042300  实际格口：10072

时间:2019-04-19 16:47:56.828
2019/4/19 16:47:56 发送落袋信息成功。 条码：247960000801  实际格口：10073

时间:2019-04-19 16:47:57.833
2019/4/19 16:47:57 发送落袋信息成功。 条码：237436042328  实际格口：10074

时间:2019-04-19 16:47:58.172
2019/4/19 16:47:58更改正常条码落袋数据异常：给定关键字不在字典中。

时间:2019-04-19 16:47:58.179
2019/4/19 16:47:58更改正常条码落袋数据异常：给定关键字不在字典中。

时间:2019-04-19 16:47:58.188
2019/4/19 16:47:58更改正常条码落袋数据异常：给定关键字不在字典中。

时间:2019-04-19 16:47:58.917
2019/4/19 16:47:58更改正常条码落袋数据异常：给定关键字不在字典中。

时间:2019-04-19 16:47:58.924
2019/4/19 16:47:58更改正常条码落袋数据异常：给定关键字不在字典中。

时间:2019-04-19 16:47:58.931
2019/4/19 16:47:58更改正常条码落袋数据异常：给定关键字不在字典中。

时间:2019-04-19 16:47:59.630
2019/4/19 16:47:59更改正常条码落袋数据异常：给定关键字不在字典中。

时间:2019-04-19 16:47:59.638
2019/4/19 16:47:59更改正常条码落袋数据异常：给定关键字不在字典中。

时间:2019-04-19 16:47:59.645
2019/4/19 16:47:59更改正常条码落袋数据异常：给定关键字不在字典中。

时间:2019-04-19 16:48:00.481
2019/4/19 16:48:00更改正常条码落袋数据异常：给定关键字不在字典中。

时间:2019-04-19 16:48:01.359
2019/4/19 16:48:01 发送落袋信息成功。 条码：811471009261  实际格口：10075

时间:2019-04-19 16:48:01.372
2019/4/19 16:48:01 发送落袋信息成功。 条码：078902493165  实际格口：10076

时间:2019-04-19 16:48:02.151
2019/4/19 16:48:02更改正常条码落袋数据异常：给定关键字不在字典中。

时间:2019-04-19 16:48:02.158
2019/4/19 16:48:02更改正常条码落袋数据异常：给定关键字不在字典中。

时间:2019-04-19 16:48:02.164
2019/4/19 16:48:02更改正常条码落袋数据异常：给定关键字不在字典中。

时间:2019-04-19 16:48:02.794
2019/4/19 16:48:02更改正常条码落袋数据异常：给定关键字不在字典中。

时间:2019-04-19 16:48:02.806
2019/4/19 16:48:02更改正常条码落袋数据异常：给定关键字不在字典中。

时间:2019-04-19 16:48:02.813
2019/4/19 16:48:02更改正常条码落袋数据异常：给定关键字不在字典中。

时间:2019-04-19 16:48:03.636
2019/4/19 16:48:03更改正常条码落袋数据异常：给定关键字不在字典中。

时间:2019-04-19 16:48:03.643
2019/4/19 16:48:03更改正常条码落袋数据异常：给定关键字不在字典中。

时间:2019-04-19 16:48:03.650
2019/4/19 16:48:03更改正常条码落袋数据异常：给定关键字不在字典中。

时间:2019-04-19 16:48:03.658
2019/4/19 16:48:03更改正常条码落袋数据异常：给定关键字不在字典中。

时间:2019-04-19 16:48:04.410
2019/4/19 16:48:04更改正常条码落袋数据异常：给定关键字不在字典中。

时间:2019-04-19 16:48:04.417
2019/4/19 16:48:04更改正常条码落袋数据异常：给定关键字不在字典中。

时间:2019-04-19 16:48:04.441
2019/4/19 16:48:04更改正常条码落袋数据异常：给定关键字不在字典中。

时间:2019-04-19 16:48:04.450
2019/4/19 16:48:04更改正常条码落袋数据异常：给定关键字不在字典中。

时间:2019-04-19 16:48:05.333
2019/4/19 16:48:05更改正常条码落袋数据异常：给定关键字不在字典中。

时间:2019-04-19 16:48:06.444
2019/4/19 16:48:06 发送落袋信息成功。 条码：446628023828  实际格口：10077

时间:2019-04-19 16:48:06.455
2019/4/19 16:48:06 发送落袋信息成功。 条码：237436042433  实际格口：10078

时间:2019-04-19 16:48:06.779
2019/4/19 16:48:06更改正常条码落袋数据异常：给定关键字不在字典中。

时间:2019-04-19 16:48:06.787
2019/4/19 16:48:06更改正常条码落袋数据异常：给定关键字不在字典中。

时间:2019-04-19 16:48:06.793
2019/4/19 16:48:06更改正常条码落袋数据异常：给定关键字不在字典中。

时间:2019-04-19 16:48:07.972
2019/4/19 16:48:07 发送落袋信息成功。 条码：446628046156  实际格口：10079

时间:2019-04-19 16:48:08.999
2019/4/19 16:48:08 发送落袋信息成功。 条码：446628026646  实际格口：10080

时间:2019-04-19 16:48:09.177
2019/4/19 16:48:09更改正常条码落袋数据异常：给定关键字不在字典中。

时间:2019-04-19 16:48:09.184
2019/4/19 16:48:09更改正常条码落袋数据异常：给定关键字不在字典中。

时间:2019-04-19 16:48:09.754
2019/4/19 16:48:09更改正常条码落袋数据异常：给定关键字不在字典中。

时间:2019-04-19 16:48:09.762
2019/4/19 16:48:09更改正常条码落袋数据异常：给定关键字不在字典中。

时间:2019-04-19 16:48:09.768
2019/4/19 16:48:09更改正常条码落袋数据异常：给定关键字不在字典中。

时间:2019-04-19 16:48:10.624
2019/4/19 16:48:10更改正常条码落袋数据异常：给定关键字不在字典中。

时间:2019-04-19 16:48:10.632
2019/4/19 16:48:10更改正常条码落袋数据异常：给定关键字不在字典中。

时间:2019-04-19 16:48:10.639
2019/4/19 16:48:10更改正常条码落袋数据异常：给定关键字不在字典中。

时间:2019-04-19 16:48:11.469
2019/4/19 16:48:11更改正常条码落袋数据异常：给定关键字不在字典中。

时间:2019-04-19 16:48:11.485
2019/4/19 16:48:11更改正常条码落袋数据异常：给定关键字不在字典中。

时间:2019-04-19 16:48:11.495
2019/4/19 16:48:11更改正常条码落袋数据异常：给定关键字不在字典中。

时间:2019-04-19 16:48:11.526
2019/4/19 16:48:11更改正常条码落袋数据异常：给定关键字不在字典中。

时间:2019-04-19 16:48:12.641
2019/4/19 16:48:12 发送落袋信息成功。 条码：446628026858  实际格口：10081

时间:2019-04-19 16:48:13.181
2019/4/19 16:48:13更改正常条码落袋数据异常：给定关键字不在字典中。

时间:2019-04-19 16:48:13.187
2019/4/19 16:48:13更改正常条码落袋数据异常：给定关键字不在字典中。

时间:2019-04-19 16:48:13.194
2019/4/19 16:48:13更改正常条码落袋数据异常：给定关键字不在字典中。

时间:2019-04-19 16:48:13.201
2019/4/19 16:48:13更改正常条码落袋数据异常：给定关键字不在字典中。

时间:2019-04-19 16:48:13.752
2019/4/19 16:48:13更改正常条码落袋数据异常：给定关键字不在字典中。

时间:2019-04-19 16:48:13.759
2019/4/19 16:48:13更改正常条码落袋数据异常：给定关键字不在字典中。

时间:2019-04-19 16:48:13.766
2019/4/19 16:48:13更改正常条码落袋数据异常：给定关键字不在字典中。

时间:2019-04-19 16:48:13.773
2019/4/19 16:48:13更改正常条码落袋数据异常：给定关键字不在字典中。

时间:2019-04-19 16:48:15.071
2019/4/19 16:48:15 发送落袋信息成功。 条码：446628026715  实际格口：10082

时间:2019-04-19 16:48:15.587
2019/4/19 16:48:15 发送落袋信息成功。 条码：237436042230  实际格口：10083

时间:2019-04-19 16:48:16.202
2019/4/19 16:48:16更改正常条码落袋数据异常：给定关键字不在字典中。

时间:2019-04-19 16:48:16.208
2019/4/19 16:48:16更改正常条码落袋数据异常：给定关键字不在字典中。

时间:2019-04-19 16:48:17.103
2019/4/19 16:48:17 发送落袋信息成功。 条码：071231306966  实际格口：10084

时间:2019-04-19 16:48:18.114
2019/4/19 16:48:18 发送落袋信息成功。 条码：446628026751  实际格口：10085

时间:2019-04-19 16:48:18.541
2019/4/19 16:48:18更改正常条码落袋数据异常：给定关键字不在字典中。

时间:2019-04-19 16:48:18.548
2019/4/19 16:48:18更改正常条码落袋数据异常：给定关键字不在字典中。

时间:2019-04-19 16:48:19.256
2019/4/19 16:48:19更改正常条码落袋数据异常：给定关键字不在字典中。

时间:2019-04-19 16:48:19.262
2019/4/19 16:48:19更改正常条码落袋数据异常：给定关键字不在字典中。

时间:2019-04-19 16:48:19.976
2019/4/19 16:48:19更改正常条码落袋数据异常：给定关键字不在字典中。

时间:2019-04-19 16:48:19.987
2019/4/19 16:48:19更改正常条码落袋数据异常：给定关键字不在字典中。

时间:2019-04-19 16:48:19.993
2019/4/19 16:48:19更改正常条码落袋数据异常：给定关键字不在字典中。

时间:2019-04-19 16:48:20.731
2019/4/19 16:48:20更改正常条码落袋数据异常：给定关键字不在字典中。

时间:2019-04-19 16:48:20.740
2019/4/19 16:48:20更改正常条码落袋数据异常：给定关键字不在字典中。

时间:2019-04-19 16:48:20.746
2019/4/19 16:48:20更改正常条码落袋数据异常：给定关键字不在字典中。

时间:2019-04-19 16:48:21.654
2019/4/19 16:48:21 发送落袋信息成功。 条码：446628026733  实际格口：10087

时间:2019-04-19 16:48:22.331
2019/4/19 16:48:22更改正常条码落袋数据异常：给定关键字不在字典中。

时间:2019-04-19 16:48:22.340
2019/4/19 16:48:22更改正常条码落袋数据异常：给定关键字不在字典中。

时间:2019-04-19 16:48:22.348
2019/4/19 16:48:22更改正常条码落袋数据异常：给定关键字不在字典中。

时间:2019-04-19 16:48:23.188
2019/4/19 16:48:23 发送落袋信息成功。 条码：446628027086  实际格口：10088

时间:2019-04-19 16:48:23.865
2019/4/19 16:48:23更改正常条码落袋数据异常：给定关键字不在字典中。

时间:2019-04-19 16:48:23.871
2019/4/19 16:48:23更改正常条码落袋数据异常：给定关键字不在字典中。

时间:2019-04-19 16:48:23.878
2019/4/19 16:48:23更改正常条码落袋数据异常：给定关键字不在字典中。

时间:2019-04-19 16:48:24.703
2019/4/19 16:48:24 发送落袋信息成功。 条码：446628026867  实际格口：10089

时间:2019-04-19 16:48:25.533
2019/4/19 16:48:25更改正常条码落袋数据异常：给定关键字不在字典中。

时间:2019-04-19 16:48:25.540
2019/4/19 16:48:25更改正常条码落袋数据异常：给定关键字不在字典中。

时间:2019-04-19 16:48:25.547
2019/4/19 16:48:25更改正常条码落袋数据异常：给定关键字不在字典中。

时间:2019-04-19 16:48:26.247
2019/4/19 16:48:26更改正常条码落袋数据异常：给定关键字不在字典中。

时间:2019-04-19 16:48:26.254
2019/4/19 16:48:26更改正常条码落袋数据异常：给定关键字不在字典中。

时间:2019-04-19 16:48:26.260
2019/4/19 16:48:26更改正常条码落袋数据异常：给定关键字不在字典中。

时间:2019-04-19 16:48:27.046
2019/4/19 16:48:27更改正常条码落袋数据异常：给定关键字不在字典中。

时间:2019-04-19 16:48:27.052
2019/4/19 16:48:27更改正常条码落袋数据异常：给定关键字不在字典中。

时间:2019-04-19 16:48:27.063
2019/4/19 16:48:27更改正常条码落袋数据异常：给定关键字不在字典中。

时间:2019-04-19 16:48:28.253
2019/4/19 16:48:28 发送落袋信息成功。 条码：446628023712  实际格口：10090

时间:2019-04-19 16:48:28.754
2019/4/19 16:48:28更改正常条码落袋数据异常：给定关键字不在字典中。

时间:2019-04-19 16:48:28.771
2019/4/19 16:48:28更改正常条码落袋数据异常：给定关键字不在字典中。

时间:2019-04-19 16:48:28.778
2019/4/19 16:48:28更改正常条码落袋数据异常：给定关键字不在字典中。

时间:2019-04-19 16:48:29.782
2019/4/19 16:48:29 发送落袋信息成功。 条码：253450127311  实际格口：10091

时间:2019-04-19 16:48:30.270
2019/4/19 16:48:30 发送落袋信息成功。 条码：446628023721  实际格口：10092

时间:2019-04-19 16:48:31.301
2019/4/19 16:48:31 发送落袋信息成功。 条码：446628026628  实际格口：10093

时间:2019-04-19 16:48:31.685
2019/4/19 16:48:31更改正常条码落袋数据异常：给定关键字不在字典中。

时间:2019-04-19 16:48:31.704
2019/4/19 16:48:31更改正常条码落袋数据异常：给定关键字不在字典中。

时间:2019-04-19 16:48:32.545
2019/4/19 16:48:32更改正常条码落袋数据异常：给定关键字不在字典中。

时间:2019-04-19 16:48:32.551
2019/4/19 16:48:32更改正常条码落袋数据异常：给定关键字不在字典中。

时间:2019-04-19 16:48:32.558
2019/4/19 16:48:32更改正常条码落袋数据异常：给定关键字不在字典中。

时间:2019-04-19 16:48:33.268
2019/4/19 16:48:33更改正常条码落袋数据异常：给定关键字不在字典中。

时间:2019-04-19 16:48:33.276
2019/4/19 16:48:33更改正常条码落袋数据异常：给定关键字不在字典中。

时间:2019-04-19 16:48:33.285
2019/4/19 16:48:33更改正常条码落袋数据异常：给定关键字不在字典中。

时间:2019-04-19 16:48:34.001
2019/4/19 16:48:34更改正常条码落袋数据异常：给定关键字不在字典中。

时间:2019-04-19 16:48:34.723
2019/4/19 16:48:34更改正常条码落袋数据异常：给定关键字不在字典中。

时间:2019-04-19 16:48:34.729
2019/4/19 16:48:34更改正常条码落袋数据异常：给定关键字不在字典中。

时间:2019-04-19 16:48:34.737
2019/4/19 16:48:34更改正常条码落袋数据异常：给定关键字不在字典中。

时间:2019-04-19 16:48:35.342
2019/4/19 16:48:35 发送落袋信息成功。 条码：446628027077  实际格口：10094

时间:2019-04-19 16:48:35.353
2019/4/19 16:48:35 发送落袋信息成功。 条码：446628023652  实际格口：10095

时间:2019-04-19 16:48:36.206
2019/4/19 16:48:36更改正常条码落袋数据异常：给定关键字不在字典中。

时间:2019-04-19 16:48:36.212
2019/4/19 16:48:36更改正常条码落袋数据异常：给定关键字不在字典中。

时间:2019-04-19 16:48:36.219
2019/4/19 16:48:36更改正常条码落袋数据异常：给定关键字不在字典中。

时间:2019-04-19 16:48:36.911
2019/4/19 16:48:36更改正常条码落袋数据异常：给定关键字不在字典中。

时间:2019-04-19 16:48:36.923
2019/4/19 16:48:36更改正常条码落袋数据异常：给定关键字不在字典中。

时间:2019-04-19 16:48:36.931
2019/4/19 16:48:36更改正常条码落袋数据异常：给定关键字不在字典中。

时间:2019-04-19 16:48:37.877
2019/4/19 16:48:37 发送落袋信息成功。 条码：367433331197  实际格口：10096

时间:2019-04-19 16:48:38.649
2019/4/19 16:48:38更改正常条码落袋数据异常：给定关键字不在字典中。

时间:2019-04-19 16:48:38.656
2019/4/19 16:48:38更改正常条码落袋数据异常：给定关键字不在字典中。

时间:2019-04-19 16:48:38.662
2019/4/19 16:48:38更改正常条码落袋数据异常：给定关键字不在字典中。

时间:2019-04-19 16:48:39.376
2019/4/19 16:48:39更改正常条码落袋数据异常：给定关键字不在字典中。

时间:2019-04-19 16:48:39.383
2019/4/19 16:48:39更改正常条码落袋数据异常：给定关键字不在字典中。

时间:2019-04-19 16:48:39.392
2019/4/19 16:48:39更改正常条码落袋数据异常：给定关键字不在字典中。

时间:2019-04-19 16:48:40.200
2019/4/19 16:48:40更改正常条码落袋数据异常：给定关键字不在字典中。

时间:2019-04-19 16:48:40.206
2019/4/19 16:48:40更改正常条码落袋数据异常：给定关键字不在字典中。

时间:2019-04-19 16:48:40.214
2019/4/19 16:48:40更改正常条码落袋数据异常：给定关键字不在字典中。

时间:2019-04-19 16:48:40.221
2019/4/19 16:48:40更改正常条码落袋数据异常：给定关键字不在字典中。

时间:2019-04-19 16:48:41.436
2019/4/19 16:48:41 发送落袋信息成功。 条码：237436041633  实际格口：10097

时间:2019-04-19 16:48:41.949
2019/4/19 16:48:41 发送落袋信息成功。 条码：446628023785  实际格口：10098

时间:2019-04-19 16:48:42.965
2019/4/19 16:48:42 发送落袋信息成功。 条码：446628026779  实际格口：10099

时间:2019-04-19 16:48:43.458
2019/4/19 16:48:43 发送落袋信息成功。 条码：446628026991  实际格口：10100

时间:2019-04-19 16:48:44.105
2019/4/19 16:48:44更改正常条码落袋数据异常：给定关键字不在字典中。

时间:2019-04-19 16:48:44.991
2019/4/19 16:48:44 发送落袋信息成功。 条码：446628026797  实际格口：10101

时间:2019-04-19 16:48:49.123
2019/4/19 16:48:49更改正常条码落袋数据异常：给定关键字不在字典中。

时间:2019-04-19 16:48:49.785
2019/4/19 16:48:49更改正常条码落袋数据异常：给定关键字不在字典中。

时间:2019-04-19 16:48:50.461
2019/4/19 16:48:50更改正常条码落袋数据异常：给定关键字不在字典中。

时间:2019-04-19 16:48:51.261
2019/4/19 16:48:51更改正常条码落袋数据异常：给定关键字不在字典中。

时间:2019-04-19 16:48:52.072
2019/4/19 16:48:52更改正常条码落袋数据异常：给定关键字不在字典中。

时间:2019-04-19 16:48:52.839
2019/4/19 16:48:52更改正常条码落袋数据异常：给定关键字不在字典中。

时间:2019-04-19 16:48:53.620
2019/4/19 16:48:53 发送落袋信息成功。 条码：446628026706  实际格口：10102

